<?xml version="1.0" encoding="UTF-8"?><TestSessionContainer xmlns="http://www.codecover.org/xml/testsession-container" Date="1462553516671" TestSessionContainerId="97713268-6f45-4c76-bbb3-5af54299b72b" version="1.0">
<SrcFileList>
<SrcFile Content="package stratego.logic;&#13;&#10;&#13;&#10;import stratego.logic.exceptions.InvalidAttacker;&#13;&#10;import stratego.logic.exceptions.InvalidPieceValue;&#13;&#10;import stratego.logic.exceptions.InvalidPlayer;&#13;&#10;&#13;&#10;/**&#13;&#10; * This class contains the information about pieces that are placed on the board&#13;&#10; */&#13;&#10;public class Piece {&#13;&#10;&#13;&#10;&#9;private static String[] pieceNames = { &quot;Marshal&quot;, &quot;General&quot;, &quot;Colonel&quot;, &quot;Major&quot;, &#13;&#10;&#9;&#9;&quot;Captain&quot;, &quot;Lieutenant&quot;,&#13;&#10;&#9;&#9;&#9;&quot;Sergeant&quot;, &quot;Miner&quot;, &quot;Scout&quot;, &quot;Spy&quot;, &quot;Bomb&quot;, &quot;Flag&quot; };&#13;&#10;&#13;&#10;&#9;private int pieceValue;&#13;&#10;&#9;private int player;&#13;&#10;&#13;&#10;&#9;public Piece(int value, int player) {&#13;&#10;&#9;&#9;if (value &lt; 1 || value &gt; pieceNames.length) {&#13;&#10;&#9;&#9;&#9;throw new InvalidPieceValue(value);&#13;&#10;&#9;&#9;}&#13;&#10;&#9;&#9;if (player &lt; 1 || player &gt; 2) {&#13;&#10;&#9;&#9;&#9;throw new InvalidPlayer(player);&#13;&#10;&#9;&#9;}&#13;&#10;&#9;&#9;this.pieceValue = value;&#13;&#10;&#9;&#9;this.player = player;&#13;&#10;&#9;}&#13;&#10;&#13;&#10;&#9;/**&#13;&#10;&#9; * @return the integer value corresponding to a certain piece&#13;&#10;&#9; */&#13;&#10;&#9;public int getValue() {&#13;&#10;&#9;&#9;return this.pieceValue;&#13;&#10;&#9;}&#13;&#10;&#13;&#10;&#9;/**&#13;&#10;&#9; * @return the player who 'owns' this particular piece&#13;&#10;&#9; */&#13;&#10;&#9;public int getPlayer() {&#13;&#10;&#9;&#9;return this.player;&#13;&#10;&#9;}&#13;&#10;&#13;&#10;&#9;/**&#13;&#10;&#9; * @return the string representation of this particular piece&#13;&#10;&#9; */&#13;&#10;&#9;public String getPieceName() {&#13;&#10;&#9;&#9;return pieceNames[this.getValue() - 1];&#13;&#10;&#9;}&#13;&#10;&#13;&#10;&#9;/**&#13;&#10;&#9; * @return the rank of the piece, in the range [1, 10] rank in the range of&#13;&#10;&#9; *         [1, 10] are regular pieces rank of 0 is a bomb rank of -1 is the&#13;&#10;&#9; *         flag&#13;&#10;&#9; */&#13;&#10;&#9;public int getRank() {&#13;&#10;&#9;&#9;return 11 - this.getValue();&#13;&#10;&#9;}&#13;&#10;&#9;&#13;&#10;&#9;/**&#13;&#10;&#9; * Returns the winner between an exchange&#13;&#10;&#9; * @param valueAttacker The piece value of the attacker&#13;&#10;&#9; * @param valueDefender The piece value of the defender&#13;&#10;&#9; * @return the piece value of the winner, or -1 if neither piece wins&#13;&#10;&#9; */&#13;&#10;&#9;public static int getWinner(int valueAttacker, int valueDefender) {&#13;&#10;&#9;&#9;//if trying to attack with a bomb or flag&#13;&#10;&#9;&#9;if (valueAttacker == 11 || valueAttacker == 12){&#13;&#10;&#9;&#9;&#9;throw new InvalidAttacker(valueAttacker);&#13;&#10;&#9;&#9;}else if(valueAttacker &lt; 1 || valueAttacker &gt; 12){&#13;&#10;&#9;&#9;&#9;throw new InvalidPieceValue(valueAttacker);&#13;&#10;&#9;&#9;}else if(valueDefender &lt; 1 || valueDefender &gt; 12){&#13;&#10;&#9;&#9;&#9;throw new InvalidPieceValue(valueDefender);&#13;&#10;&#9;&#9;}&#13;&#10;&#9;&#9;if (valueAttacker == valueDefender) { // If the pieces are the same rank&#13;&#10;&#9;&#9;&#9;return -1; // Nobody wins&#13;&#10;&#9;&#9;} else if (valueDefender == 12) { // The flag can't win&#13;&#10;&#9;&#9;&#9;return valueAttacker;&#13;&#10;&#9;&#9;}&#13;&#10;&#9;&#9;&#13;&#10;&#9;&#9;switch(valueAttacker) {&#13;&#10;&#9;&#9;case 3:&#13;&#10;&#9;&#9;&#9;return valueDefender == 11 || valueAttacker &gt; valueDefender ? valueAttacker : valueDefender;&#13;&#10;&#9;&#9;case 10:&#13;&#10;&#9;&#9;&#9;return valueDefender == 1 ? valueAttacker : valueDefender;&#13;&#10;&#9;&#9;}&#13;&#10;&#9;&#9;&#13;&#10;&#9;&#9;if (valueDefender == 11) { // Bombs win in most exchanges&#13;&#10;&#9;&#9;&#9;return valueDefender;&#13;&#10;&#9;&#9;} else if (valueAttacker &lt; valueDefender) {&#13;&#10;&#9;&#9;&#9;return valueAttacker;&#13;&#10;&#9;&#9;} else {&#13;&#10;&#9;&#9;&#9;return valueDefender;&#13;&#10;&#9;&#9;}&#13;&#10;&#9;}&#13;&#10;&#13;&#10;}&#13;&#10;" Filename="Piece.java" Intrnl_Id="1"/>
<SrcFile Content="package stratego.logic;&#13;&#10;&#13;&#10;import stratego.logic.exceptions.InvalidMovement;&#13;&#10;import stratego.logic.exceptions.InvalidPiece;&#13;&#10;&#13;&#10;/**&#13;&#10; * This class contains the information about the game itself as well as the&#13;&#10; * gameplay&#13;&#10; */&#13;&#10;public class Game {&#13;&#10;&#13;&#10;&#9;private Board gameBoard;&#13;&#10;&#9;private int whoseTurn;&#13;&#10;&#9;private boolean isBeginning;&#13;&#10;&#9;public final static int totalPiecesPerPlayer = 5;&#13;&#10;&#13;&#10;&#9;public Game(Board b) {&#13;&#10;&#9;&#9;this.gameBoard = b;&#13;&#10;&#9;&#9;this.whoseTurn = 1;&#13;&#10;&#9;&#9;this.isBeginning = true;&#13;&#10;&#9;}&#13;&#10;&#13;&#10;&#9;public boolean isBeginning(){&#13;&#10;&#9;&#9;return this.isBeginning;&#13;&#10;&#9;}&#13;&#10;&#9;&#13;&#10;&#9;/**&#13;&#10;&#9; * @return the Board object assigned for this game&#13;&#10;&#9; */&#13;&#10;&#13;&#10;&#9;public Board getBoard() {&#13;&#10;&#9;&#9;return this.gameBoard;&#13;&#10;&#9;}&#13;&#10;&#9;&#13;&#10;&#13;&#10;&#9;/**&#13;&#10;&#9; * @return the integer value of the player&#13;&#10;&#9; */&#13;&#10;&#9;public int whoseTurn() {&#13;&#10;&#9;&#9;return this.whoseTurn;&#13;&#10;&#9;}&#13;&#10;&#13;&#10;&#9;/**&#13;&#10;&#9; * switches the player turns to be called after moves are made&#13;&#10;&#9; */&#13;&#10;&#9;public void switchTurns() {&#13;&#10;&#9;&#9;if (whoseTurn == 1)&#13;&#10;&#9;&#9;&#9;this.whoseTurn = 2;&#13;&#10;&#9;&#9;else&#13;&#10;&#9;&#9;&#9;this.whoseTurn = 1;&#13;&#10;&#9;}&#13;&#10;&#13;&#10;&#9;/**&#13;&#10;&#9; * Attempts to move a piece at position (x1, y1) to position (x2, y2)&#13;&#10;&#9; * &#13;&#10;&#9; * @param x1&#13;&#10;&#9; *            piece1 x&#13;&#10;&#9; * @param y1&#13;&#10;&#9; *            piece1 y&#13;&#10;&#9; * @param x2&#13;&#10;&#9; *            piece2 x&#13;&#10;&#9; * @param y2&#13;&#10;&#9; *            piece2 y&#13;&#10;&#9; */&#13;&#10;&#9;public boolean makeMove(int x1, int y1, int x2, int y2) {&#13;&#10;&#9;&#9;Board b = this.gameBoard;&#13;&#10;&#9;&#9;try {&#13;&#10;&#9;&#9;&#9;if (b.isOccupied(x2, y2)) {&#13;&#10;&#9;&#9;&#9;&#9;Piece p1 = b.getPiece(x1, y1);&#13;&#10;&#9;&#9;&#9;&#9;Piece p2 = b.getPiece(x2, y2);&#13;&#10;&#9;&#9;&#9;&#9;if (Piece.getWinner(p1.getValue(), p2.getValue()) == p1.getValue()) {&#13;&#10;&#9;&#9;&#9;&#9;&#9;b.removePiece(x2, y2);&#13;&#10;&#9;&#9;&#9;&#9;&#9;b.movePiece(x1, y1, x2, y2);&#13;&#10;&#9;&#9;&#9;&#9;} else {&#13;&#10;&#9;&#9;&#9;&#9;&#9;b.removePiece(x1, y1);&#13;&#10;&#9;&#9;&#9;&#9;}&#13;&#10;&#13;&#10;&#9;&#9;&#9;} else {&#13;&#10;&#9;&#9;&#9;&#9;b.movePiece(x1, y1, x2, y2);&#13;&#10;&#9;&#9;&#9;}&#13;&#10;&#9;&#9;&#9;return true;&#13;&#10;&#9;&#9;} catch (Exception e) {&#13;&#10;&#9;&#9;&#9;if (e instanceof InvalidMovement) {&#13;&#10;&#9;&#9;&#9;&#9;throw new InvalidPiece(x1, y1);&#13;&#10;&#9;&#9;&#9;}&#13;&#10;&#9;&#9;&#9;return false;&#13;&#10;&#9;&#9;}&#13;&#10;&#9;}&#13;&#10;&#13;&#10;}&#13;&#10;" Filename="Game.java" Intrnl_Id="2"/>
<SrcFile Content="package stratego.logic;&#13;&#10;&#13;&#10;import stratego.logic.exceptions.InvalidAction;&#13;&#10;import stratego.logic.exceptions.InvalidLocation;&#13;&#10;import stratego.logic.exceptions.InvalidMovement;&#13;&#10;import stratego.logic.exceptions.InvalidPiece;&#13;&#10;import stratego.logic.exceptions.InvalidPlacement;&#13;&#10;&#13;&#10;/**&#13;&#10; * The Board class represents the Stratego Board. It contains the pieces that&#13;&#10; * are placed on it. These piece's locations on the board can be manipulated by&#13;&#10; * calling placePiece(), movePiece(), and removePiece()&#13;&#10; */&#13;&#10;&#13;&#10;public class Board {&#13;&#10;&#13;&#10;&#9;private Piece[][] pieces;&#13;&#10;&#9;private boolean isBeginning;&#13;&#10;&#9;&#13;&#10;&#9;public Board(Piece[][] pieces) {&#13;&#10;&#9;&#9;this.pieces = pieces;&#13;&#10;&#9;&#9;this.isBeginning = true;&#13;&#10;&#9;}&#13;&#10;&#13;&#10;&#9;/**&#13;&#10;&#9; * &#13;&#10;&#9; * @return&#13;&#10;&#9; */&#13;&#10;&#9;public Piece[][] getPieces() {&#13;&#10;&#9;&#9;return this.pieces;&#13;&#10;&#9;}&#13;&#10;&#9;&#13;&#10;&#9;/**&#13;&#10;&#9; * &#13;&#10;&#9; * Sets the beginning boolean to what is passed in &#13;&#10;&#9; *&#13;&#10;&#9; * @param bool- is this the beginning of the game? &#13;&#10;&#9; */&#13;&#10;&#9;&#13;&#10;&#9;public void setBeginning(boolean bool){&#13;&#10;&#9;&#9;this.isBeginning = bool; &#13;&#10;&#9;}&#13;&#10;&#13;&#10;&#9;/**&#13;&#10;&#9; * Return true if it is the river part of the board.&#13;&#10;&#9; * &#13;&#10;&#9; * @param x&#13;&#10;&#9; * @param y&#13;&#10;&#9; * @return&#13;&#10;&#9; */&#13;&#10;&#9;public boolean isRiver(int x, int y) {&#13;&#10;&#9;&#9;if ((x &gt;= 2 &amp;&amp; y &gt;= 4 &amp;&amp; x &lt;= 3 &amp;&amp; y &lt;= 5) || (x &gt;= 7 &amp;&amp; y &gt;= 4 &amp;&amp; x &lt;= 8 &amp;&amp; y &lt;= 5)) {&#13;&#10;&#9;&#9;&#9;return true;&#13;&#10;&#9;&#9;}&#13;&#10;&#9;&#9;return false;&#13;&#10;&#9;}&#13;&#10;&#13;&#10;&#9;/**&#13;&#10;&#9; * Return if a piece and be put on the position on the board&#13;&#10;&#9; * &#13;&#10;&#9; * @return&#13;&#10;&#9; */&#13;&#10;&#9;public boolean isValidToPlacePiece(int x, int y, int player) {&#13;&#10;&#9;&#9;if (isRiver(x, y)) {&#13;&#10;&#9;&#9;&#9;return false;&#13;&#10;&#9;&#9;} else if (this.isBeginning) {&#13;&#10;&#9;&#9;&#9;return ((y &lt; 4 &amp;&amp; player == 1) || (y &gt; 5 &amp;&amp; player == 2)) &amp;&amp; !this.isOccupied(x, y);&#13;&#10;&#9;&#9;} else {&#13;&#10;&#9;&#9;&#9;return !this.isBeginning &amp;&amp; !this.isOccupied(x, y);&#13;&#10;&#9;&#9;}&#13;&#10;&#9;}&#13;&#10;&#13;&#10;&#9;/**&#13;&#10;&#9; * Returns the piece at position (x, y) on the board, or an InvalidPiece&#13;&#10;&#9; * exception if no piece is found&#13;&#10;&#9; * &#13;&#10;&#9; * @param x&#13;&#10;&#9; *            xPosition of piece on board&#13;&#10;&#9; * @param y&#13;&#10;&#9; *            yPosition of piece on board&#13;&#10;&#9; * @return&#13;&#10;&#9; */&#13;&#10;&#9;public Piece getPiece(int x, int y) {&#13;&#10;&#9;&#9;if (this.pieces[x][y] != null) {&#13;&#10;&#9;&#9;&#9;return pieces[x][y];&#13;&#10;&#9;&#9;} else {&#13;&#10;&#9;&#9;&#9;throw new InvalidPiece(x, y);&#13;&#10;&#9;&#9;}&#13;&#10;&#9;}&#13;&#10;&#13;&#10;&#9;/**&#13;&#10;&#9; * @return the total number of pieces on the board&#13;&#10;&#9; */&#13;&#10;&#9;public int pieceCount() {&#13;&#10;&#9;&#9;int count = 0;&#13;&#10;&#9;&#9;for (int i = 0; i &lt; this.pieces.length; i++) {&#13;&#10;&#9;&#9;&#9;for (int j = 0; j &lt; this.pieces[0].length; j++) {&#13;&#10;&#9;&#9;&#9;&#9;if (this.pieces[i][j] != null) {&#13;&#10;&#9;&#9;&#9;&#9;&#9;count++;&#13;&#10;&#9;&#9;&#9;&#9;}&#13;&#10;&#9;&#9;&#9;}&#13;&#10;&#9;&#9;}&#13;&#10;&#9;&#9;return count;&#13;&#10;&#9;}&#13;&#10;&#13;&#10;&#9;/**&#13;&#10;&#9; * Checks whether a location on the board is occupied throws&#13;&#10;&#9; *&#13;&#10;&#9; * @param x&#13;&#10;&#9; *            xPosition to check&#13;&#10;&#9; * @param y&#13;&#10;&#9; *            yPosition to check&#13;&#10;&#9; * @return true if the location is occupied, false otherwise&#13;&#10;&#9; * &#13;&#10;&#9; */&#13;&#10;&#9;public boolean isOccupied(int x, int y) {&#13;&#10;&#9;&#9;if (x &lt; 0 || y &lt; 0 || x &gt; this.pieces.length || y &gt; this.pieces[0].length) {&#13;&#10;&#9;&#9;&#9;throw new InvalidLocation(x, y);&#13;&#10;&#9;&#9;}&#13;&#10;&#9;&#9;return !(this.pieces[x][y] == null);&#13;&#10;&#9;}&#13;&#10;&#13;&#10;&#9;/**&#13;&#10;&#9; * Place a piece on the board at position (x, y)&#13;&#10;&#9; * &#13;&#10;&#9; * @param x&#13;&#10;&#9; *            position of piece on board&#13;&#10;&#9; * @param y&#13;&#10;&#9; *            position of piece on board&#13;&#10;&#9; * @param p&#13;&#10;&#9; *            - the piece object to be placed on the board&#13;&#10;&#9; */&#13;&#10;&#9;public void placePiece(int x, int y, Piece p) {&#13;&#10;&#9;&#9;if (x &lt; 0 || y &lt; 0 || x &gt; pieces.length || y &gt; pieces[0].length) {&#13;&#10;&#9;&#9;&#9;throw new InvalidPlacement(p, this, x, y, &quot;Attempt to place piece outside of the board&quot;);&#13;&#10;&#9;&#9;} else if (isOccupied(x, y)) {&#13;&#10;&#9;&#9;&#9;throw new InvalidPlacement(p, this, x, y, &quot;Attempt to place piece in an already occupied location&quot;);&#13;&#10;&#9;&#9;}&#13;&#10;&#9;&#9;this.pieces[x][y] = p;&#13;&#10;&#9;}&#13;&#10;&#13;&#10;&#9;/**&#13;&#10;&#9; * Check if a piece is allowed to move from (x1, y1) to (x2, y2): only does&#13;&#10;&#9; * distance and directional testing&#13;&#10;&#9; * &#13;&#10;&#9; * @param x1&#13;&#10;&#9; *            starting position of piece on board&#13;&#10;&#9; * @param x2&#13;&#10;&#9; *            starting position of piece on board&#13;&#10;&#9; * @param y1&#13;&#10;&#9; *            final position of piece on board&#13;&#10;&#9; * @param y2&#13;&#10;&#9; *            final position of piece on board&#13;&#10;&#9; * @return true if a piece can move from (x1, y1) to (x2, y2)&#13;&#10;&#9; */&#13;&#10;&#9;public boolean isValidMoveDirection(int x1, int y1, int x2, int y2) {&#13;&#10;&#9;&#9;Piece piece = this.pieces[x1][y1];&#13;&#10;&#9;&#9;if (x1 != x2 &amp;&amp; y1 != y2) {&#13;&#10;&#9;&#9;&#9;return false;&#13;&#10;&#9;&#9;} else if (piece.getValue() != 9 &amp;&amp; Math.max(Math.abs(x2 - x1), Math.abs(y2 - y1)) &gt; 1) {&#13;&#10;&#9;&#9;&#9;return false;&#13;&#10;&#9;&#9;}&#13;&#10;&#9;&#9;return true;&#13;&#10;&#9;}&#13;&#10;&#13;&#10;&#9;/**&#13;&#10;&#9; * Move a piece at location (x1, y1) to (x2, y2)&#13;&#10;&#9; * &#13;&#10;&#9; * @param x1&#13;&#10;&#9; *            starting position of piece on board&#13;&#10;&#9; * @param y1&#13;&#10;&#9; *            starting position of piece on board&#13;&#10;&#9; * @param x2&#13;&#10;&#9; *            final position of piece on board&#13;&#10;&#9; * @param y2&#13;&#10;&#9; *            final position of piece on board&#13;&#10;&#9; */&#13;&#10;&#9;public void movePiece(int x1, int y1, int x2, int y2)  {&#13;&#10;&#9;&#9;if (this.pieces[x1][y1] == null) {&#13;&#10;&#9;&#9;&#9;throw new InvalidMovement(&quot;non-existant&quot;, x1, y1, x2, y2);&#13;&#10;&#9;&#9;} else if (this.pieces[x2][y2] != null) {&#13;&#10;&#9;&#9;&#9;throw new InvalidMovement(this.pieces[x1][y1].getPieceName(), x1, y1, x2, y2);&#13;&#10;&#9;&#9;} else if (!isValidMoveDirection(x1, y1, x2, y2)) {&#13;&#10;&#9;&#9;&#9;throw new InvalidMovement(this.pieces[x1][y1].getPieceName(), x1, y1, x2, y2);&#13;&#10;&#9;&#9;} else if (!isValidToPlacePiece(x2, y2, this.pieces[x1][y1].getPlayer())){&#13;&#10;&#9;&#9;&#9;throw new InvalidMovement(this.pieces[x1][y1].getPieceName(), x1, y1, x2, y2);&#13;&#10;&#9;&#9;}&#13;&#10;&#13;&#10;&#9;&#9;this.pieces[x2][y2] = this.pieces[x1][y1];&#13;&#10;&#9;&#9;this.pieces[x1][y1] = null;&#13;&#10;&#9;}&#13;&#10;&#13;&#10;&#9;/**&#13;&#10;&#9; * Removes the piece at (x, y)&#13;&#10;&#9; * &#13;&#10;&#9; * @param x&#13;&#10;&#9; *            position of piece on board&#13;&#10;&#9; * @param y&#13;&#10;&#9; *            position of piece on board&#13;&#10;&#9; */&#13;&#10;&#9;public void removePiece(int x, int y) {&#13;&#10;&#9;&#9;if (this.pieces[x][y] == null) {&#13;&#10;&#9;&#9;&#9;throw new InvalidAction(&quot;Cannot remove piece at (&quot; + x + &quot;, &quot; + y + &quot;): piece does not exist&quot;);&#13;&#10;&#9;&#9;}&#13;&#10;&#9;&#9;this.pieces[x][y] = null;&#13;&#10;&#9;}&#13;&#10;&#13;&#10;}&#13;&#10;" Filename="Board.java" Intrnl_Id="3"/>
</SrcFileList>
<CritList>
<CritListEntry Name="org.codecover.model.utils.criteria.LoopCoverage" PluginName="org.codecover"/>
<CritListEntry Name="org.codecover.model.utils.criteria.QMOCoverage" PluginName="org.codecover"/>
<CritListEntry Name="org.codecover.model.utils.criteria.ConditionCoverage" PluginName="org.codecover"/>
<CritListEntry Name="org.codecover.model.utils.criteria.BranchCoverage" PluginName="org.codecover"/>
<CritListEntry Name="org.codecover.model.utils.criteria.SynchronizedStatementCoverage" PluginName="org.codecover"/>
<CritListEntry Name="org.codecover.model.utils.criteria.StatementCoverage" PluginName="org.codecover"/>
</CritList>
<BoolOpList>
<BoolOp Arity="2" Intrnl_Id="4" Name="conditional and (&amp;&amp;)">
<BoolAssgnmntBoolMapList>
<MapEntry BoolAssgnmnt="02" Value="false"/>
<MapEntry BoolAssgnmnt="10" Value="false"/>
<MapEntry BoolAssgnmnt="11" Value="true"/>
</BoolAssgnmntBoolMapList>
</BoolOp>
<BoolOp Arity="2" Intrnl_Id="5" Name="conditional or (||)">
<BoolAssgnmntBoolMapList>
<MapEntry BoolAssgnmnt="00" Value="false"/>
<MapEntry BoolAssgnmnt="01" Value="true"/>
<MapEntry BoolAssgnmnt="12" Value="true"/>
</BoolAssgnmntBoolMapList>
</BoolOp>
<BoolOp Arity="1" Intrnl_Id="6" Name="not (!)">
<BoolAssgnmntBoolMapList>
<MapEntry BoolAssgnmnt="1" Value="false"/>
<MapEntry BoolAssgnmnt="0" Value="true"/>
</BoolAssgnmntBoolMapList>
</BoolOp>
</BoolOpList>
<HierarchyLvlTypeList>
<HierarchyLvlType EnglishName="package" IntrnlName="package" Intrnl_Id="7"/>
<HierarchyLvlType EnglishName="method" IntrnlName="method" Intrnl_Id="8"/>
<HierarchyLvlType EnglishName="class" IntrnlName="class" Intrnl_Id="9"/>
<HierarchyLvlType EnglishName="default package" IntrnlName="default package" Intrnl_Id="10"/>
</HierarchyLvlTypeList>
<MASTRoot>
<HierarchyLvl HierarchyLvlId="77" HierarchyLvlTypeId="10" Intrnl_Id="11" Name="default package">
<Header/>
<LocList/>
<HierarchyLvl HierarchyLvlId="76" HierarchyLvlTypeId="7" Intrnl_Id="12" Name="stratego">
<Header/>
<LocList/>
<HierarchyLvl HierarchyLvlId="75" HierarchyLvlTypeId="7" Intrnl_Id="13" Name="logic">
<Header/>
<LocList/>
<HierarchyLvl HierarchyLvlId="54" HierarchyLvlTypeId="9" Intrnl_Id="14" Name="Piece">
<Header>
<Loc EndOffset="292" SrcFileId="1" StartOffset="274"/>
</Header>
<LocList>
<Loc EndOffset="2754" SrcFileId="1" StartOffset="274"/>
</LocList>
<StmntSeq Intrnl_Id="15">
<LocList>
<Loc EndOffset="467" SrcFileId="1" StartOffset="299"/>
</LocList>
<BasicStmnt CovItemId="S1" CovItemPrefix="stratego.logic.Piece.java" Intrnl_Id="16">
<LocList>
<Loc EndOffset="467" SrcFileId="1" StartOffset="299"/>
</LocList>
</BasicStmnt>
</StmntSeq>
<HierarchyLvl HierarchyLvlId="48" HierarchyLvlTypeId="8" Intrnl_Id="17" Name="Piece">
<Header>
<Loc EndOffset="557" SrcFileId="1" StartOffset="522"/>
</Header>
<LocList>
<Loc EndOffset="787" SrcFileId="1" StartOffset="522"/>
</LocList>
<StmntSeq Intrnl_Id="18">
<LocList>
<Loc EndOffset="653" SrcFileId="1" StartOffset="563"/>
<Loc EndOffset="730" SrcFileId="1" StartOffset="657"/>
<Loc EndOffset="758" SrcFileId="1" StartOffset="734"/>
<Loc EndOffset="783" SrcFileId="1" StartOffset="762"/>
</LocList>
<CondStmnt CovItemId="S2" CovItemPrefix="stratego.logic.Piece.java" Intrnl_Id="19">
<Branch CovItemId="B1" CovItemPrefix="stratego.logic.Piece.java" Implct="false" Intrnl_Id="20">
<Cond/>
<LocList>
<Loc EndOffset="653" SrcFileId="1" StartOffset="607"/>
</LocList>
<StmntSeq Intrnl_Id="21">
<LocList>
<Loc EndOffset="648" SrcFileId="1" StartOffset="613"/>
</LocList>
<BasicStmnt CovItemId="S3" CovItemPrefix="stratego.logic.Piece.java" Intrnl_Id="22">
<LocList>
<Loc EndOffset="648" SrcFileId="1" StartOffset="613"/>
</LocList>
</BasicStmnt>
</StmntSeq>
</Branch>
<Branch CovItemId="B2" CovItemPrefix="stratego.logic.Piece.java" Implct="true" Intrnl_Id="23">
<Cond/>
<LocList/>
<StmntSeq Intrnl_Id="24">
<LocList/>
</StmntSeq>
</Branch>
<Keyword EndOffset="565" SrcFileId="1" StartOffset="563"/>
<LocList>
<Loc EndOffset="653" SrcFileId="1" StartOffset="563"/>
</LocList>
<RootTerm CovItemId="C1" CovItemPrefix="stratego.logic.Piece.java" Intrnl_Id="25">
<OpTerm BooleanOpId="5" Intrnl_Id="26">
<BasicBoolTerm Intrnl_Id="27">
<LocList>
<Loc EndOffset="576" SrcFileId="1" StartOffset="567"/>
</LocList>
</BasicBoolTerm>
<BasicBoolTerm Intrnl_Id="28">
<LocList>
<Loc EndOffset="605" SrcFileId="1" StartOffset="580"/>
</LocList>
</BasicBoolTerm>
<LocList>
<Loc EndOffset="579" SrcFileId="1" StartOffset="577"/>
</LocList>
</OpTerm>
</RootTerm>
</CondStmnt>
<CondStmnt CovItemId="S4" CovItemPrefix="stratego.logic.Piece.java" Intrnl_Id="29">
<Branch CovItemId="B3" CovItemPrefix="stratego.logic.Piece.java" Implct="false" Intrnl_Id="30">
<Cond/>
<LocList>
<Loc EndOffset="730" SrcFileId="1" StartOffset="687"/>
</LocList>
<StmntSeq Intrnl_Id="31">
<LocList>
<Loc EndOffset="725" SrcFileId="1" StartOffset="693"/>
</LocList>
<BasicStmnt CovItemId="S5" CovItemPrefix="stratego.logic.Piece.java" Intrnl_Id="32">
<LocList>
<Loc EndOffset="725" SrcFileId="1" StartOffset="693"/>
</LocList>
</BasicStmnt>
</StmntSeq>
</Branch>
<Branch CovItemId="B4" CovItemPrefix="stratego.logic.Piece.java" Implct="true" Intrnl_Id="33">
<Cond/>
<LocList/>
<StmntSeq Intrnl_Id="34">
<LocList/>
</StmntSeq>
</Branch>
<Keyword EndOffset="659" SrcFileId="1" StartOffset="657"/>
<LocList>
<Loc EndOffset="730" SrcFileId="1" StartOffset="657"/>
</LocList>
<RootTerm CovItemId="C2" CovItemPrefix="stratego.logic.Piece.java" Intrnl_Id="35">
<OpTerm BooleanOpId="5" Intrnl_Id="36">
<BasicBoolTerm Intrnl_Id="37">
<LocList>
<Loc EndOffset="671" SrcFileId="1" StartOffset="661"/>
</LocList>
</BasicBoolTerm>
<BasicBoolTerm Intrnl_Id="38">
<LocList>
<Loc EndOffset="685" SrcFileId="1" StartOffset="675"/>
</LocList>
</BasicBoolTerm>
<LocList>
<Loc EndOffset="674" SrcFileId="1" StartOffset="672"/>
</LocList>
</OpTerm>
</RootTerm>
</CondStmnt>
<BasicStmnt CovItemId="S6" CovItemPrefix="stratego.logic.Piece.java" Intrnl_Id="39">
<LocList>
<Loc EndOffset="758" SrcFileId="1" StartOffset="734"/>
</LocList>
</BasicStmnt>
<BasicStmnt CovItemId="S7" CovItemPrefix="stratego.logic.Piece.java" Intrnl_Id="40">
<LocList>
<Loc EndOffset="783" SrcFileId="1" StartOffset="762"/>
</LocList>
</BasicStmnt>
</StmntSeq>
</HierarchyLvl>
<HierarchyLvl HierarchyLvlId="49" HierarchyLvlTypeId="8" Intrnl_Id="41" Name="getValue">
<Header>
<Loc EndOffset="889" SrcFileId="1" StartOffset="868"/>
</Header>
<LocList>
<Loc EndOffset="922" SrcFileId="1" StartOffset="868"/>
</LocList>
<StmntSeq Intrnl_Id="42">
<LocList>
<Loc EndOffset="918" SrcFileId="1" StartOffset="895"/>
</LocList>
<BasicStmnt CovItemId="S8" CovItemPrefix="stratego.logic.Piece.java" Intrnl_Id="43">
<LocList>
<Loc EndOffset="918" SrcFileId="1" StartOffset="895"/>
</LocList>
</BasicStmnt>
</StmntSeq>
</HierarchyLvl>
<HierarchyLvl HierarchyLvlId="50" HierarchyLvlTypeId="8" Intrnl_Id="44" Name="getPlayer">
<Header>
<Loc EndOffset="1018" SrcFileId="1" StartOffset="996"/>
</Header>
<LocList>
<Loc EndOffset="1047" SrcFileId="1" StartOffset="996"/>
</LocList>
<StmntSeq Intrnl_Id="45">
<LocList>
<Loc EndOffset="1043" SrcFileId="1" StartOffset="1024"/>
</LocList>
<BasicStmnt CovItemId="S9" CovItemPrefix="stratego.logic.Piece.java" Intrnl_Id="46">
<LocList>
<Loc EndOffset="1043" SrcFileId="1" StartOffset="1024"/>
</LocList>
</BasicStmnt>
</StmntSeq>
</HierarchyLvl>
<HierarchyLvl HierarchyLvlId="51" HierarchyLvlTypeId="8" Intrnl_Id="47" Name="getPieceName">
<Header>
<Loc EndOffset="1156" SrcFileId="1" StartOffset="1128"/>
</Header>
<LocList>
<Loc EndOffset="1205" SrcFileId="1" StartOffset="1128"/>
</LocList>
<StmntSeq Intrnl_Id="48">
<LocList>
<Loc EndOffset="1201" SrcFileId="1" StartOffset="1162"/>
</LocList>
<BasicStmnt CovItemId="S10" CovItemPrefix="stratego.logic.Piece.java" Intrnl_Id="49">
<LocList>
<Loc EndOffset="1201" SrcFileId="1" StartOffset="1162"/>
</LocList>
</BasicStmnt>
</StmntSeq>
</HierarchyLvl>
<HierarchyLvl HierarchyLvlId="52" HierarchyLvlTypeId="8" Intrnl_Id="50" Name="getRank">
<Header>
<Loc EndOffset="1416" SrcFileId="1" StartOffset="1396"/>
</Header>
<LocList>
<Loc EndOffset="1454" SrcFileId="1" StartOffset="1396"/>
</LocList>
<StmntSeq Intrnl_Id="51">
<LocList>
<Loc EndOffset="1450" SrcFileId="1" StartOffset="1422"/>
</LocList>
<BasicStmnt CovItemId="S11" CovItemPrefix="stratego.logic.Piece.java" Intrnl_Id="52">
<LocList>
<Loc EndOffset="1450" SrcFileId="1" StartOffset="1422"/>
</LocList>
</BasicStmnt>
</StmntSeq>
</HierarchyLvl>
<HierarchyLvl HierarchyLvlId="53" HierarchyLvlTypeId="8" Intrnl_Id="53" Name="getWinner">
<Header>
<Loc EndOffset="1769" SrcFileId="1" StartOffset="1704"/>
</Header>
<LocList>
<Loc EndOffset="2749" SrcFileId="1" StartOffset="1704"/>
</LocList>
<StmntSeq Intrnl_Id="54">
<LocList>
<Loc EndOffset="2123" SrcFileId="1" StartOffset="1820"/>
<Loc EndOffset="2319" SrcFileId="1" StartOffset="2127"/>
<Loc EndOffset="2538" SrcFileId="1" StartOffset="2327"/>
<Loc EndOffset="2745" SrcFileId="1" StartOffset="2546"/>
</LocList>
<CondStmnt CovItemId="S12" CovItemPrefix="stratego.logic.Piece.java" Intrnl_Id="55">
<Branch CovItemId="B5" CovItemPrefix="stratego.logic.Piece.java" Implct="false" Intrnl_Id="56">
<Cond/>
<LocList>
<Loc EndOffset="1919" SrcFileId="1" StartOffset="1867"/>
</LocList>
<StmntSeq Intrnl_Id="57">
<LocList>
<Loc EndOffset="1914" SrcFileId="1" StartOffset="1873"/>
</LocList>
<BasicStmnt CovItemId="S13" CovItemPrefix="stratego.logic.Piece.java" Intrnl_Id="58">
<LocList>
<Loc EndOffset="1914" SrcFileId="1" StartOffset="1873"/>
</LocList>
</BasicStmnt>
</StmntSeq>
</Branch>
<Branch CovItemId="B6" CovItemPrefix="stratego.logic.Piece.java" Implct="false" Intrnl_Id="59">
<Cond>
<Loc EndOffset="1923" SrcFileId="1" StartOffset="1919"/>
</Cond>
<LocList>
<Loc EndOffset="2123" SrcFileId="1" StartOffset="1924"/>
</LocList>
<StmntSeq Intrnl_Id="60">
<LocList>
<Loc EndOffset="2123" SrcFileId="1" StartOffset="1924"/>
</LocList>
<CondStmnt CovItemId="S14" CovItemPrefix="stratego.logic.Piece.java" Intrnl_Id="61">
<Branch CovItemId="B7" CovItemPrefix="stratego.logic.Piece.java" Implct="false" Intrnl_Id="62">
<Cond/>
<LocList>
<Loc EndOffset="2021" SrcFileId="1" StartOffset="1967"/>
</LocList>
<StmntSeq Intrnl_Id="63">
<LocList>
<Loc EndOffset="2016" SrcFileId="1" StartOffset="1973"/>
</LocList>
<BasicStmnt CovItemId="S15" CovItemPrefix="stratego.logic.Piece.java" Intrnl_Id="64">
<LocList>
<Loc EndOffset="2016" SrcFileId="1" StartOffset="1973"/>
</LocList>
</BasicStmnt>
</StmntSeq>
</Branch>
<Branch CovItemId="B8" CovItemPrefix="stratego.logic.Piece.java" Implct="false" Intrnl_Id="65">
<Cond>
<Loc EndOffset="2025" SrcFileId="1" StartOffset="2021"/>
</Cond>
<LocList>
<Loc EndOffset="2123" SrcFileId="1" StartOffset="2026"/>
</LocList>
<StmntSeq Intrnl_Id="66">
<LocList>
<Loc EndOffset="2123" SrcFileId="1" StartOffset="2026"/>
</LocList>
<CondStmnt CovItemId="S16" CovItemPrefix="stratego.logic.Piece.java" Intrnl_Id="67">
<Branch CovItemId="B9" CovItemPrefix="stratego.logic.Piece.java" Implct="false" Intrnl_Id="68">
<Cond/>
<LocList>
<Loc EndOffset="2123" SrcFileId="1" StartOffset="2069"/>
</LocList>
<StmntSeq Intrnl_Id="69">
<LocList>
<Loc EndOffset="2118" SrcFileId="1" StartOffset="2075"/>
</LocList>
<BasicStmnt CovItemId="S17" CovItemPrefix="stratego.logic.Piece.java" Intrnl_Id="70">
<LocList>
<Loc EndOffset="2118" SrcFileId="1" StartOffset="2075"/>
</LocList>
</BasicStmnt>
</StmntSeq>
</Branch>
<Branch CovItemId="B10" CovItemPrefix="stratego.logic.Piece.java" Implct="true" Intrnl_Id="71">
<Cond/>
<LocList/>
<StmntSeq Intrnl_Id="72">
<LocList/>
</StmntSeq>
</Branch>
<Keyword EndOffset="2028" SrcFileId="1" StartOffset="2026"/>
<LocList>
<Loc EndOffset="2123" SrcFileId="1" StartOffset="2026"/>
</LocList>
<RootTerm CovItemId="C5" CovItemPrefix="stratego.logic.Piece.java" Intrnl_Id="73">
<OpTerm BooleanOpId="5" Intrnl_Id="74">
<BasicBoolTerm Intrnl_Id="75">
<LocList>
<Loc EndOffset="2046" SrcFileId="1" StartOffset="2029"/>
</LocList>
</BasicBoolTerm>
<BasicBoolTerm Intrnl_Id="76">
<LocList>
<Loc EndOffset="2068" SrcFileId="1" StartOffset="2050"/>
</LocList>
</BasicBoolTerm>
<LocList>
<Loc EndOffset="2049" SrcFileId="1" StartOffset="2047"/>
</LocList>
</OpTerm>
</RootTerm>
</CondStmnt>
</StmntSeq>
</Branch>
<Keyword EndOffset="1926" SrcFileId="1" StartOffset="1924"/>
<LocList>
<Loc EndOffset="2123" SrcFileId="1" StartOffset="1924"/>
</LocList>
<RootTerm CovItemId="C4" CovItemPrefix="stratego.logic.Piece.java" Intrnl_Id="77">
<OpTerm BooleanOpId="5" Intrnl_Id="78">
<BasicBoolTerm Intrnl_Id="79">
<LocList>
<Loc EndOffset="1944" SrcFileId="1" StartOffset="1927"/>
</LocList>
</BasicBoolTerm>
<BasicBoolTerm Intrnl_Id="80">
<LocList>
<Loc EndOffset="1966" SrcFileId="1" StartOffset="1948"/>
</LocList>
</BasicBoolTerm>
<LocList>
<Loc EndOffset="1947" SrcFileId="1" StartOffset="1945"/>
</LocList>
</OpTerm>
</RootTerm>
</CondStmnt>
</StmntSeq>
</Branch>
<Keyword EndOffset="1822" SrcFileId="1" StartOffset="1820"/>
<LocList>
<Loc EndOffset="2123" SrcFileId="1" StartOffset="1820"/>
</LocList>
<RootTerm CovItemId="C3" CovItemPrefix="stratego.logic.Piece.java" Intrnl_Id="81">
<OpTerm BooleanOpId="5" Intrnl_Id="82">
<BasicBoolTerm Intrnl_Id="83">
<LocList>
<Loc EndOffset="1843" SrcFileId="1" StartOffset="1824"/>
</LocList>
</BasicBoolTerm>
<BasicBoolTerm Intrnl_Id="84">
<LocList>
<Loc EndOffset="1866" SrcFileId="1" StartOffset="1847"/>
</LocList>
</BasicBoolTerm>
<LocList>
<Loc EndOffset="1846" SrcFileId="1" StartOffset="1844"/>
</LocList>
</OpTerm>
</RootTerm>
</CondStmnt>
<CondStmnt CovItemId="S18" CovItemPrefix="stratego.logic.Piece.java" Intrnl_Id="85">
<Branch CovItemId="B11" CovItemPrefix="stratego.logic.Piece.java" Implct="false" Intrnl_Id="86">
<Cond/>
<LocList>
<Loc EndOffset="2234" SrcFileId="1" StartOffset="2163"/>
</LocList>
<StmntSeq Intrnl_Id="87">
<LocList>
<Loc EndOffset="2214" SrcFileId="1" StartOffset="2204"/>
</LocList>
<BasicStmnt CovItemId="S19" CovItemPrefix="stratego.logic.Piece.java" Intrnl_Id="88">
<LocList>
<Loc EndOffset="2214" SrcFileId="1" StartOffset="2204"/>
</LocList>
</BasicStmnt>
</StmntSeq>
</Branch>
<Branch CovItemId="B12" CovItemPrefix="stratego.logic.Piece.java" Implct="false" Intrnl_Id="89">
<Cond>
<Loc EndOffset="2239" SrcFileId="1" StartOffset="2235"/>
</Cond>
<LocList>
<Loc EndOffset="2319" SrcFileId="1" StartOffset="2240"/>
</LocList>
<StmntSeq Intrnl_Id="90">
<LocList>
<Loc EndOffset="2319" SrcFileId="1" StartOffset="2240"/>
</LocList>
<CondStmnt CovItemId="S20" CovItemPrefix="stratego.logic.Piece.java" Intrnl_Id="91">
<Branch CovItemId="B13" CovItemPrefix="stratego.logic.Piece.java" Implct="false" Intrnl_Id="92">
<Cond/>
<LocList>
<Loc EndOffset="2319" SrcFileId="1" StartOffset="2265"/>
</LocList>
<StmntSeq Intrnl_Id="93">
<LocList>
<Loc EndOffset="2314" SrcFileId="1" StartOffset="2293"/>
</LocList>
<BasicStmnt CovItemId="S21" CovItemPrefix="stratego.logic.Piece.java" Intrnl_Id="94">
<LocList>
<Loc EndOffset="2314" SrcFileId="1" StartOffset="2293"/>
</LocList>
</BasicStmnt>
</StmntSeq>
</Branch>
<Branch CovItemId="B14" CovItemPrefix="stratego.logic.Piece.java" Implct="true" Intrnl_Id="95">
<Cond/>
<LocList/>
<StmntSeq Intrnl_Id="96">
<LocList/>
</StmntSeq>
</Branch>
<Keyword EndOffset="2242" SrcFileId="1" StartOffset="2240"/>
<LocList>
<Loc EndOffset="2319" SrcFileId="1" StartOffset="2240"/>
</LocList>
<RootTerm CovItemId="C7" CovItemPrefix="stratego.logic.Piece.java" Intrnl_Id="97">
<BasicBoolTerm Intrnl_Id="98">
<LocList>
<Loc EndOffset="2263" SrcFileId="1" StartOffset="2244"/>
</LocList>
</BasicBoolTerm>
</RootTerm>
</CondStmnt>
</StmntSeq>
</Branch>
<Keyword EndOffset="2129" SrcFileId="1" StartOffset="2127"/>
<LocList>
<Loc EndOffset="2319" SrcFileId="1" StartOffset="2127"/>
</LocList>
<RootTerm CovItemId="C6" CovItemPrefix="stratego.logic.Piece.java" Intrnl_Id="99">
<BasicBoolTerm Intrnl_Id="100">
<LocList>
<Loc EndOffset="2161" SrcFileId="1" StartOffset="2131"/>
</LocList>
</BasicBoolTerm>
</RootTerm>
</CondStmnt>
<CondStmnt CovItemId="S22" CovItemPrefix="stratego.logic.Piece.java" Intrnl_Id="101">
<Branch CovItemId="B15" CovItemPrefix="stratego.logic.Piece.java" Implct="false" Intrnl_Id="102">
<Cond>
<Loc EndOffset="2360" SrcFileId="1" StartOffset="2354"/>
</Cond>
<LocList>
<Loc EndOffset="2458" SrcFileId="1" StartOffset="2366"/>
</LocList>
<StmntSeq Intrnl_Id="103">
<LocList>
<Loc EndOffset="2458" SrcFileId="1" StartOffset="2366"/>
</LocList>
<BasicStmnt CovItemId="S23" CovItemPrefix="stratego.logic.Piece.java" Intrnl_Id="104">
<LocList>
<Loc EndOffset="2458" SrcFileId="1" StartOffset="2366"/>
</LocList>
<QMO CovItemId="Q0" CovItemPrefix="stratego.logic.Piece.java" Intrnl_Id="105">
<LocList>
<Loc EndOffset="2425" SrcFileId="1" StartOffset="2373"/>
</LocList>
<QMO_E CovItemId="Q0-0" CovItemPrefix="stratego.logic.Piece.java" Intrnl_Id="106">
<LocList>
<Loc EndOffset="2441" SrcFileId="1" StartOffset="2428"/>
</LocList>
</QMO_E>
<QMO_E CovItemId="Q0-1" CovItemPrefix="stratego.logic.Piece.java" Intrnl_Id="107">
<LocList>
<Loc EndOffset="2457" SrcFileId="1" StartOffset="2444"/>
</LocList>
</QMO_E>
</QMO>
</BasicStmnt>
</StmntSeq>
</Branch>
<Branch CovItemId="B16" CovItemPrefix="stratego.logic.Piece.java" Implct="false" Intrnl_Id="108">
<Cond>
<Loc EndOffset="2469" SrcFileId="1" StartOffset="2462"/>
</Cond>
<LocList>
<Loc EndOffset="2533" SrcFileId="1" StartOffset="2475"/>
</LocList>
<StmntSeq Intrnl_Id="109">
<LocList>
<Loc EndOffset="2533" SrcFileId="1" StartOffset="2475"/>
</LocList>
<BasicStmnt CovItemId="S24" CovItemPrefix="stratego.logic.Piece.java" Intrnl_Id="110">
<LocList>
<Loc EndOffset="2533" SrcFileId="1" StartOffset="2475"/>
</LocList>
<QMO CovItemId="Q1" CovItemPrefix="stratego.logic.Piece.java" Intrnl_Id="111">
<LocList>
<Loc EndOffset="2500" SrcFileId="1" StartOffset="2482"/>
</LocList>
<QMO_E CovItemId="Q1-0" CovItemPrefix="stratego.logic.Piece.java" Intrnl_Id="112">
<LocList>
<Loc EndOffset="2516" SrcFileId="1" StartOffset="2503"/>
</LocList>
</QMO_E>
<QMO_E CovItemId="Q1-1" CovItemPrefix="stratego.logic.Piece.java" Intrnl_Id="113">
<LocList>
<Loc EndOffset="2532" SrcFileId="1" StartOffset="2519"/>
</LocList>
</QMO_E>
</QMO>
</BasicStmnt>
</StmntSeq>
</Branch>
<Branch CovItemId="B17" CovItemPrefix="stratego.logic.Piece.java" Implct="true" Intrnl_Id="114">
<Cond/>
<LocList/>
<StmntSeq Intrnl_Id="115">
<LocList/>
</StmntSeq>
</Branch>
<Keyword EndOffset="2333" SrcFileId="1" StartOffset="2327"/>
<LocList>
<Loc EndOffset="2538" SrcFileId="1" StartOffset="2327"/>
</LocList>
</CondStmnt>
<CondStmnt CovItemId="S25" CovItemPrefix="stratego.logic.Piece.java" Intrnl_Id="116">
<Branch CovItemId="B18" CovItemPrefix="stratego.logic.Piece.java" Implct="false" Intrnl_Id="117">
<Cond/>
<LocList>
<Loc EndOffset="2634" SrcFileId="1" StartOffset="2571"/>
</LocList>
<StmntSeq Intrnl_Id="118">
<LocList>
<Loc EndOffset="2629" SrcFileId="1" StartOffset="2608"/>
</LocList>
<BasicStmnt CovItemId="S26" CovItemPrefix="stratego.logic.Piece.java" Intrnl_Id="119">
<LocList>
<Loc EndOffset="2629" SrcFileId="1" StartOffset="2608"/>
</LocList>
</BasicStmnt>
</StmntSeq>
</Branch>
<Branch CovItemId="B19" CovItemPrefix="stratego.logic.Piece.java" Implct="false" Intrnl_Id="120">
<Cond>
<Loc EndOffset="2639" SrcFileId="1" StartOffset="2635"/>
</Cond>
<LocList>
<Loc EndOffset="2745" SrcFileId="1" StartOffset="2640"/>
</LocList>
<StmntSeq Intrnl_Id="121">
<LocList>
<Loc EndOffset="2745" SrcFileId="1" StartOffset="2640"/>
</LocList>
<CondStmnt CovItemId="S27" CovItemPrefix="stratego.logic.Piece.java" Intrnl_Id="122">
<Branch CovItemId="B20" CovItemPrefix="stratego.logic.Piece.java" Implct="false" Intrnl_Id="123">
<Cond/>
<LocList>
<Loc EndOffset="2707" SrcFileId="1" StartOffset="2675"/>
</LocList>
<StmntSeq Intrnl_Id="124">
<LocList>
<Loc EndOffset="2702" SrcFileId="1" StartOffset="2681"/>
</LocList>
<BasicStmnt CovItemId="S28" CovItemPrefix="stratego.logic.Piece.java" Intrnl_Id="125">
<LocList>
<Loc EndOffset="2702" SrcFileId="1" StartOffset="2681"/>
</LocList>
</BasicStmnt>
</StmntSeq>
</Branch>
<Branch CovItemId="B21" CovItemPrefix="stratego.logic.Piece.java" Implct="false" Intrnl_Id="126">
<Cond>
<Loc EndOffset="2712" SrcFileId="1" StartOffset="2708"/>
</Cond>
<LocList>
<Loc EndOffset="2745" SrcFileId="1" StartOffset="2713"/>
</LocList>
<StmntSeq Intrnl_Id="127">
<LocList>
<Loc EndOffset="2740" SrcFileId="1" StartOffset="2719"/>
</LocList>
<BasicStmnt CovItemId="S29" CovItemPrefix="stratego.logic.Piece.java" Intrnl_Id="128">
<LocList>
<Loc EndOffset="2740" SrcFileId="1" StartOffset="2719"/>
</LocList>
</BasicStmnt>
</StmntSeq>
</Branch>
<Keyword EndOffset="2642" SrcFileId="1" StartOffset="2640"/>
<LocList>
<Loc EndOffset="2745" SrcFileId="1" StartOffset="2640"/>
</LocList>
<RootTerm CovItemId="C9" CovItemPrefix="stratego.logic.Piece.java" Intrnl_Id="129">
<BasicBoolTerm Intrnl_Id="130">
<LocList>
<Loc EndOffset="2673" SrcFileId="1" StartOffset="2644"/>
</LocList>
</BasicBoolTerm>
</RootTerm>
</CondStmnt>
</StmntSeq>
</Branch>
<Keyword EndOffset="2548" SrcFileId="1" StartOffset="2546"/>
<LocList>
<Loc EndOffset="2745" SrcFileId="1" StartOffset="2546"/>
</LocList>
<RootTerm CovItemId="C8" CovItemPrefix="stratego.logic.Piece.java" Intrnl_Id="131">
<BasicBoolTerm Intrnl_Id="132">
<LocList>
<Loc EndOffset="2569" SrcFileId="1" StartOffset="2550"/>
</LocList>
</BasicBoolTerm>
</RootTerm>
</CondStmnt>
</StmntSeq>
</HierarchyLvl>
</HierarchyLvl>
<HierarchyLvl HierarchyLvlId="61" HierarchyLvlTypeId="9" Intrnl_Id="133" Name="Game">
<Header>
<Loc EndOffset="245" SrcFileId="2" StartOffset="228"/>
</Header>
<LocList>
<Loc EndOffset="1851" SrcFileId="2" StartOffset="228"/>
</LocList>
<StmntSeq Intrnl_Id="134">
<LocList>
<Loc EndOffset="384" SrcFileId="2" StartOffset="335"/>
</LocList>
<BasicStmnt CovItemId="S1" CovItemPrefix="stratego.logic.Game.java" Intrnl_Id="135">
<LocList>
<Loc EndOffset="384" SrcFileId="2" StartOffset="335"/>
</LocList>
</BasicStmnt>
</StmntSeq>
<HierarchyLvl HierarchyLvlId="55" HierarchyLvlTypeId="8" Intrnl_Id="136" Name="Game">
<Header>
<Loc EndOffset="409" SrcFileId="2" StartOffset="389"/>
</Header>
<LocList>
<Loc EndOffset="489" SrcFileId="2" StartOffset="389"/>
</LocList>
<StmntSeq Intrnl_Id="137">
<LocList>
<Loc EndOffset="434" SrcFileId="2" StartOffset="415"/>
<Loc EndOffset="457" SrcFileId="2" StartOffset="438"/>
<Loc EndOffset="485" SrcFileId="2" StartOffset="461"/>
</LocList>
<BasicStmnt CovItemId="S2" CovItemPrefix="stratego.logic.Game.java" Intrnl_Id="138">
<LocList>
<Loc EndOffset="434" SrcFileId="2" StartOffset="415"/>
</LocList>
</BasicStmnt>
<BasicStmnt CovItemId="S3" CovItemPrefix="stratego.logic.Game.java" Intrnl_Id="139">
<LocList>
<Loc EndOffset="457" SrcFileId="2" StartOffset="438"/>
</LocList>
</BasicStmnt>
<BasicStmnt CovItemId="S4" CovItemPrefix="stratego.logic.Game.java" Intrnl_Id="140">
<LocList>
<Loc EndOffset="485" SrcFileId="2" StartOffset="461"/>
</LocList>
</BasicStmnt>
</StmntSeq>
</HierarchyLvl>
<HierarchyLvl HierarchyLvlId="56" HierarchyLvlTypeId="8" Intrnl_Id="141" Name="isBeginning">
<Header>
<Loc EndOffset="522" SrcFileId="2" StartOffset="494"/>
</Header>
<LocList>
<Loc EndOffset="555" SrcFileId="2" StartOffset="494"/>
</LocList>
<StmntSeq Intrnl_Id="142">
<LocList>
<Loc EndOffset="551" SrcFileId="2" StartOffset="527"/>
</LocList>
<BasicStmnt CovItemId="S5" CovItemPrefix="stratego.logic.Game.java" Intrnl_Id="143">
<LocList>
<Loc EndOffset="551" SrcFileId="2" StartOffset="527"/>
</LocList>
</BasicStmnt>
</StmntSeq>
</HierarchyLvl>
<HierarchyLvl HierarchyLvlId="57" HierarchyLvlTypeId="8" Intrnl_Id="144" Name="getBoard">
<Header>
<Loc EndOffset="651" SrcFileId="2" StartOffset="628"/>
</Header>
<LocList>
<Loc EndOffset="683" SrcFileId="2" StartOffset="628"/>
</LocList>
<StmntSeq Intrnl_Id="145">
<LocList>
<Loc EndOffset="679" SrcFileId="2" StartOffset="657"/>
</LocList>
<BasicStmnt CovItemId="S6" CovItemPrefix="stratego.logic.Game.java" Intrnl_Id="146">
<LocList>
<Loc EndOffset="679" SrcFileId="2" StartOffset="657"/>
</LocList>
</BasicStmnt>
</StmntSeq>
</HierarchyLvl>
<HierarchyLvl HierarchyLvlId="58" HierarchyLvlTypeId="8" Intrnl_Id="147" Name="whoseTurn">
<Header>
<Loc EndOffset="770" SrcFileId="2" StartOffset="748"/>
</Header>
<LocList>
<Loc EndOffset="802" SrcFileId="2" StartOffset="748"/>
</LocList>
<StmntSeq Intrnl_Id="148">
<LocList>
<Loc EndOffset="798" SrcFileId="2" StartOffset="776"/>
</LocList>
<BasicStmnt CovItemId="S7" CovItemPrefix="stratego.logic.Game.java" Intrnl_Id="149">
<LocList>
<Loc EndOffset="798" SrcFileId="2" StartOffset="776"/>
</LocList>
</BasicStmnt>
</StmntSeq>
</HierarchyLvl>
<HierarchyLvl HierarchyLvlId="59" HierarchyLvlTypeId="8" Intrnl_Id="150" Name="switchTurns">
<Header>
<Loc EndOffset="909" SrcFileId="2" StartOffset="884"/>
</Header>
<LocList>
<Loc EndOffset="994" SrcFileId="2" StartOffset="884"/>
</LocList>
<StmntSeq Intrnl_Id="151">
<LocList>
<Loc EndOffset="990" SrcFileId="2" StartOffset="915"/>
</LocList>
<CondStmnt CovItemId="S8" CovItemPrefix="stratego.logic.Game.java" Intrnl_Id="152">
<Branch CovItemId="B1" CovItemPrefix="stratego.logic.Game.java" Implct="false" Intrnl_Id="153">
<Cond/>
<LocList>
<Loc EndOffset="958" SrcFileId="2" StartOffset="939"/>
</LocList>
<StmntSeq Intrnl_Id="154">
<LocList>
<Loc EndOffset="958" SrcFileId="2" StartOffset="939"/>
</LocList>
<BasicStmnt CovItemId="S9" CovItemPrefix="stratego.logic.Game.java" Intrnl_Id="155">
<LocList>
<Loc EndOffset="958" SrcFileId="2" StartOffset="939"/>
</LocList>
</BasicStmnt>
</StmntSeq>
</Branch>
<Branch CovItemId="B2" CovItemPrefix="stratego.logic.Game.java" Implct="false" Intrnl_Id="156">
<Cond>
<Loc EndOffset="966" SrcFileId="2" StartOffset="962"/>
</Cond>
<LocList>
<Loc EndOffset="990" SrcFileId="2" StartOffset="971"/>
</LocList>
<StmntSeq Intrnl_Id="157">
<LocList>
<Loc EndOffset="990" SrcFileId="2" StartOffset="971"/>
</LocList>
<BasicStmnt CovItemId="S10" CovItemPrefix="stratego.logic.Game.java" Intrnl_Id="158">
<LocList>
<Loc EndOffset="990" SrcFileId="2" StartOffset="971"/>
</LocList>
</BasicStmnt>
</StmntSeq>
</Branch>
<Keyword EndOffset="917" SrcFileId="2" StartOffset="915"/>
<LocList>
<Loc EndOffset="990" SrcFileId="2" StartOffset="915"/>
</LocList>
<RootTerm CovItemId="C1" CovItemPrefix="stratego.logic.Game.java" Intrnl_Id="159">
<BasicBoolTerm Intrnl_Id="160">
<LocList>
<Loc EndOffset="933" SrcFileId="2" StartOffset="919"/>
</LocList>
</BasicBoolTerm>
</RootTerm>
</CondStmnt>
</StmntSeq>
</HierarchyLvl>
<HierarchyLvl HierarchyLvlId="60" HierarchyLvlTypeId="8" Intrnl_Id="161" Name="makeMove">
<Header>
<Loc EndOffset="1304" SrcFileId="2" StartOffset="1249"/>
</Header>
<LocList>
<Loc EndOffset="1846" SrcFileId="2" StartOffset="1249"/>
</LocList>
<StmntSeq Intrnl_Id="162">
<LocList>
<Loc EndOffset="1335" SrcFileId="2" StartOffset="1310"/>
<Loc EndOffset="1692" SrcFileId="2" StartOffset="1349"/>
<Loc EndOffset="1709" SrcFileId="2" StartOffset="1697"/>
<Loc EndOffset="1842" SrcFileId="2" StartOffset="1339"/>
</LocList>
<BasicStmnt CovItemId="S11" CovItemPrefix="stratego.logic.Game.java" Intrnl_Id="163">
<LocList>
<Loc EndOffset="1335" SrcFileId="2" StartOffset="1310"/>
</LocList>
</BasicStmnt>
<CondStmnt CovItemId="S13" CovItemPrefix="stratego.logic.Game.java" Intrnl_Id="164">
<Branch CovItemId="B4" CovItemPrefix="stratego.logic.Game.java" Implct="false" Intrnl_Id="165">
<Cond/>
<LocList>
<Loc EndOffset="1645" SrcFileId="2" StartOffset="1375"/>
</LocList>
<StmntSeq Intrnl_Id="166">
<LocList>
<Loc EndOffset="1412" SrcFileId="2" StartOffset="1382"/>
<Loc EndOffset="1448" SrcFileId="2" StartOffset="1418"/>
<Loc EndOffset="1637" SrcFileId="2" StartOffset="1454"/>
</LocList>
<BasicStmnt CovItemId="S14" CovItemPrefix="stratego.logic.Game.java" Intrnl_Id="167">
<LocList>
<Loc EndOffset="1412" SrcFileId="2" StartOffset="1382"/>
</LocList>
</BasicStmnt>
<BasicStmnt CovItemId="S15" CovItemPrefix="stratego.logic.Game.java" Intrnl_Id="168">
<LocList>
<Loc EndOffset="1448" SrcFileId="2" StartOffset="1418"/>
</LocList>
</BasicStmnt>
<CondStmnt CovItemId="S16" CovItemPrefix="stratego.logic.Game.java" Intrnl_Id="169">
<Branch CovItemId="B6" CovItemPrefix="stratego.logic.Game.java" Implct="false" Intrnl_Id="170">
<Cond/>
<LocList>
<Loc EndOffset="1594" SrcFileId="2" StartOffset="1522"/>
</LocList>
<StmntSeq Intrnl_Id="171">
<LocList>
<Loc EndOffset="1552" SrcFileId="2" StartOffset="1530"/>
<Loc EndOffset="1587" SrcFileId="2" StartOffset="1559"/>
</LocList>
<BasicStmnt CovItemId="S17" CovItemPrefix="stratego.logic.Game.java" Intrnl_Id="172">
<LocList>
<Loc EndOffset="1552" SrcFileId="2" StartOffset="1530"/>
</LocList>
</BasicStmnt>
<BasicStmnt CovItemId="S18" CovItemPrefix="stratego.logic.Game.java" Intrnl_Id="173">
<LocList>
<Loc EndOffset="1587" SrcFileId="2" StartOffset="1559"/>
</LocList>
</BasicStmnt>
</StmntSeq>
</Branch>
<Branch CovItemId="B7" CovItemPrefix="stratego.logic.Game.java" Implct="false" Intrnl_Id="174">
<Cond>
<Loc EndOffset="1599" SrcFileId="2" StartOffset="1595"/>
</Cond>
<LocList>
<Loc EndOffset="1637" SrcFileId="2" StartOffset="1600"/>
</LocList>
<StmntSeq Intrnl_Id="175">
<LocList>
<Loc EndOffset="1630" SrcFileId="2" StartOffset="1608"/>
</LocList>
<BasicStmnt CovItemId="S19" CovItemPrefix="stratego.logic.Game.java" Intrnl_Id="176">
<LocList>
<Loc EndOffset="1630" SrcFileId="2" StartOffset="1608"/>
</LocList>
</BasicStmnt>
</StmntSeq>
</Branch>
<Keyword EndOffset="1456" SrcFileId="2" StartOffset="1454"/>
<LocList>
<Loc EndOffset="1637" SrcFileId="2" StartOffset="1454"/>
</LocList>
<RootTerm CovItemId="C3" CovItemPrefix="stratego.logic.Game.java" Intrnl_Id="177">
<BasicBoolTerm Intrnl_Id="178">
<LocList>
<Loc EndOffset="1520" SrcFileId="2" StartOffset="1458"/>
</LocList>
</BasicBoolTerm>
</RootTerm>
</CondStmnt>
</StmntSeq>
</Branch>
<Branch CovItemId="B5" CovItemPrefix="stratego.logic.Game.java" Implct="false" Intrnl_Id="179">
<Cond>
<Loc EndOffset="1650" SrcFileId="2" StartOffset="1646"/>
</Cond>
<LocList>
<Loc EndOffset="1692" SrcFileId="2" StartOffset="1651"/>
</LocList>
<StmntSeq Intrnl_Id="180">
<LocList>
<Loc EndOffset="1686" SrcFileId="2" StartOffset="1658"/>
</LocList>
<BasicStmnt CovItemId="S20" CovItemPrefix="stratego.logic.Game.java" Intrnl_Id="181">
<LocList>
<Loc EndOffset="1686" SrcFileId="2" StartOffset="1658"/>
</LocList>
</BasicStmnt>
</StmntSeq>
</Branch>
<Keyword EndOffset="1351" SrcFileId="2" StartOffset="1349"/>
<LocList>
<Loc EndOffset="1692" SrcFileId="2" StartOffset="1349"/>
</LocList>
<RootTerm CovItemId="C2" CovItemPrefix="stratego.logic.Game.java" Intrnl_Id="182">
<BasicBoolTerm Intrnl_Id="183">
<LocList>
<Loc EndOffset="1373" SrcFileId="2" StartOffset="1353"/>
</LocList>
</BasicBoolTerm>
</RootTerm>
</CondStmnt>
<BasicStmnt CovItemId="S21" CovItemPrefix="stratego.logic.Game.java" Intrnl_Id="184">
<LocList>
<Loc EndOffset="1709" SrcFileId="2" StartOffset="1697"/>
</LocList>
</BasicStmnt>
<CondStmnt CovItemId="S12" CovItemPrefix="stratego.logic.Game.java" Intrnl_Id="185">
<Branch CovItemId="B3" CovItemPrefix="stratego.logic.Game.java" Implct="true" Intrnl_Id="186">
<Cond/>
<LocList/>
<StmntSeq Intrnl_Id="187">
<LocList/>
</StmntSeq>
</Branch>
<Branch CovItemId="B8" CovItemPrefix="stratego.logic.Game.java" Implct="false" Intrnl_Id="188">
<Cond>
<Loc EndOffset="1734" SrcFileId="2" StartOffset="1715"/>
</Cond>
<LocList>
<Loc EndOffset="1842" SrcFileId="2" StartOffset="1735"/>
</LocList>
<StmntSeq Intrnl_Id="189">
<LocList>
<Loc EndOffset="1819" SrcFileId="2" StartOffset="1741"/>
<Loc EndOffset="1837" SrcFileId="2" StartOffset="1824"/>
</LocList>
<CondStmnt CovItemId="S22" CovItemPrefix="stratego.logic.Game.java" Intrnl_Id="190">
<Branch CovItemId="B9" CovItemPrefix="stratego.logic.Game.java" Implct="false" Intrnl_Id="191">
<Cond/>
<LocList>
<Loc EndOffset="1819" SrcFileId="2" StartOffset="1775"/>
</LocList>
<StmntSeq Intrnl_Id="192">
<LocList>
<Loc EndOffset="1813" SrcFileId="2" StartOffset="1782"/>
</LocList>
<BasicStmnt CovItemId="S23" CovItemPrefix="stratego.logic.Game.java" Intrnl_Id="193">
<LocList>
<Loc EndOffset="1813" SrcFileId="2" StartOffset="1782"/>
</LocList>
</BasicStmnt>
</StmntSeq>
</Branch>
<Branch CovItemId="B10" CovItemPrefix="stratego.logic.Game.java" Implct="true" Intrnl_Id="194">
<Cond/>
<LocList/>
<StmntSeq Intrnl_Id="195">
<LocList/>
</StmntSeq>
</Branch>
<Keyword EndOffset="1743" SrcFileId="2" StartOffset="1741"/>
<LocList>
<Loc EndOffset="1819" SrcFileId="2" StartOffset="1741"/>
</LocList>
<RootTerm CovItemId="C4" CovItemPrefix="stratego.logic.Game.java" Intrnl_Id="196">
<BasicBoolTerm Intrnl_Id="197">
<LocList>
<Loc EndOffset="1773" SrcFileId="2" StartOffset="1745"/>
</LocList>
</BasicBoolTerm>
</RootTerm>
</CondStmnt>
<BasicStmnt CovItemId="S24" CovItemPrefix="stratego.logic.Game.java" Intrnl_Id="198">
<LocList>
<Loc EndOffset="1837" SrcFileId="2" StartOffset="1824"/>
</LocList>
</BasicStmnt>
</StmntSeq>
</Branch>
<Keyword EndOffset="1342" SrcFileId="2" StartOffset="1339"/>
<LocList>
<Loc EndOffset="1842" SrcFileId="2" StartOffset="1339"/>
</LocList>
</CondStmnt>
</StmntSeq>
</HierarchyLvl>
</HierarchyLvl>
<HierarchyLvl HierarchyLvlId="74" HierarchyLvlTypeId="9" Intrnl_Id="199" Name="Board">
<Header>
<Loc EndOffset="527" SrcFileId="3" StartOffset="509"/>
</Header>
<LocList>
<Loc EndOffset="5669" SrcFileId="3" StartOffset="509"/>
</LocList>
<HierarchyLvl HierarchyLvlId="62" HierarchyLvlTypeId="8" Intrnl_Id="200" Name="Board">
<Header>
<Loc EndOffset="626" SrcFileId="3" StartOffset="596"/>
</Header>
<LocList>
<Loc EndOffset="685" SrcFileId="3" StartOffset="596"/>
</LocList>
<StmntSeq Intrnl_Id="201">
<LocList>
<Loc EndOffset="653" SrcFileId="3" StartOffset="632"/>
<Loc EndOffset="681" SrcFileId="3" StartOffset="657"/>
</LocList>
<BasicStmnt CovItemId="S1" CovItemPrefix="stratego.logic.Board.java" Intrnl_Id="202">
<LocList>
<Loc EndOffset="653" SrcFileId="3" StartOffset="632"/>
</LocList>
</BasicStmnt>
<BasicStmnt CovItemId="S2" CovItemPrefix="stratego.logic.Board.java" Intrnl_Id="203">
<LocList>
<Loc EndOffset="681" SrcFileId="3" StartOffset="657"/>
</LocList>
</BasicStmnt>
</StmntSeq>
</HierarchyLvl>
<HierarchyLvl HierarchyLvlId="63" HierarchyLvlTypeId="8" Intrnl_Id="204" Name="getPieces">
<Header>
<Loc EndOffset="749" SrcFileId="3" StartOffset="721"/>
</Header>
<LocList>
<Loc EndOffset="778" SrcFileId="3" StartOffset="721"/>
</LocList>
<StmntSeq Intrnl_Id="205">
<LocList>
<Loc EndOffset="774" SrcFileId="3" StartOffset="755"/>
</LocList>
<BasicStmnt CovItemId="S3" CovItemPrefix="stratego.logic.Board.java" Intrnl_Id="206">
<LocList>
<Loc EndOffset="774" SrcFileId="3" StartOffset="755"/>
</LocList>
</BasicStmnt>
</StmntSeq>
</HierarchyLvl>
<HierarchyLvl HierarchyLvlId="64" HierarchyLvlTypeId="8" Intrnl_Id="207" Name="setBeginning">
<Header>
<Loc EndOffset="956" SrcFileId="3" StartOffset="918"/>
</Header>
<LocList>
<Loc EndOffset="990" SrcFileId="3" StartOffset="918"/>
</LocList>
<StmntSeq Intrnl_Id="208">
<LocList>
<Loc EndOffset="985" SrcFileId="3" StartOffset="961"/>
</LocList>
<BasicStmnt CovItemId="S4" CovItemPrefix="stratego.logic.Board.java" Intrnl_Id="209">
<LocList>
<Loc EndOffset="985" SrcFileId="3" StartOffset="961"/>
</LocList>
</BasicStmnt>
</StmntSeq>
</HierarchyLvl>
<HierarchyLvl HierarchyLvlId="65" HierarchyLvlTypeId="8" Intrnl_Id="210" Name="isRiver">
<Header>
<Loc EndOffset="1145" SrcFileId="3" StartOffset="1109"/>
</Header>
<LocList>
<Loc EndOffset="1281" SrcFileId="3" StartOffset="1109"/>
</LocList>
<StmntSeq Intrnl_Id="211">
<LocList>
<Loc EndOffset="1260" SrcFileId="3" StartOffset="1151"/>
<Loc EndOffset="1277" SrcFileId="3" StartOffset="1264"/>
</LocList>
<CondStmnt CovItemId="S5" CovItemPrefix="stratego.logic.Board.java" Intrnl_Id="212">
<Branch CovItemId="B1" CovItemPrefix="stratego.logic.Board.java" Implct="false" Intrnl_Id="213">
<Cond/>
<LocList>
<Loc EndOffset="1260" SrcFileId="3" StartOffset="1237"/>
</LocList>
<StmntSeq Intrnl_Id="214">
<LocList>
<Loc EndOffset="1255" SrcFileId="3" StartOffset="1243"/>
</LocList>
<BasicStmnt CovItemId="S6" CovItemPrefix="stratego.logic.Board.java" Intrnl_Id="215">
<LocList>
<Loc EndOffset="1255" SrcFileId="3" StartOffset="1243"/>
</LocList>
</BasicStmnt>
</StmntSeq>
</Branch>
<Branch CovItemId="B2" CovItemPrefix="stratego.logic.Board.java" Implct="true" Intrnl_Id="216">
<Cond/>
<LocList/>
<StmntSeq Intrnl_Id="217">
<LocList/>
</StmntSeq>
</Branch>
<Keyword EndOffset="1153" SrcFileId="3" StartOffset="1151"/>
<LocList>
<Loc EndOffset="1260" SrcFileId="3" StartOffset="1151"/>
</LocList>
<RootTerm CovItemId="C1" CovItemPrefix="stratego.logic.Board.java" Intrnl_Id="218">
<OpTerm BooleanOpId="5" Intrnl_Id="219">
<OpTerm BooleanOpId="4" Intrnl_Id="220">
<OpTerm BooleanOpId="4" Intrnl_Id="221">
<OpTerm BooleanOpId="4" Intrnl_Id="222">
<BasicBoolTerm Intrnl_Id="223">
<LocList>
<Loc EndOffset="1162" SrcFileId="3" StartOffset="1156"/>
</LocList>
</BasicBoolTerm>
<BasicBoolTerm Intrnl_Id="224">
<LocList>
<Loc EndOffset="1172" SrcFileId="3" StartOffset="1166"/>
</LocList>
</BasicBoolTerm>
<LocList>
<Loc EndOffset="1165" SrcFileId="3" StartOffset="1163"/>
</LocList>
</OpTerm>
<BasicBoolTerm Intrnl_Id="225">
<LocList>
<Loc EndOffset="1182" SrcFileId="3" StartOffset="1176"/>
</LocList>
</BasicBoolTerm>
<LocList>
<Loc EndOffset="1175" SrcFileId="3" StartOffset="1173"/>
</LocList>
</OpTerm>
<BasicBoolTerm Intrnl_Id="226">
<LocList>
<Loc EndOffset="1192" SrcFileId="3" StartOffset="1186"/>
</LocList>
</BasicBoolTerm>
<LocList>
<Loc EndOffset="1185" SrcFileId="3" StartOffset="1183"/>
</LocList>
</OpTerm>
<OpTerm BooleanOpId="4" Intrnl_Id="227">
<OpTerm BooleanOpId="4" Intrnl_Id="228">
<OpTerm BooleanOpId="4" Intrnl_Id="229">
<BasicBoolTerm Intrnl_Id="230">
<LocList>
<Loc EndOffset="1204" SrcFileId="3" StartOffset="1198"/>
</LocList>
</BasicBoolTerm>
<BasicBoolTerm Intrnl_Id="231">
<LocList>
<Loc EndOffset="1214" SrcFileId="3" StartOffset="1208"/>
</LocList>
</BasicBoolTerm>
<LocList>
<Loc EndOffset="1207" SrcFileId="3" StartOffset="1205"/>
</LocList>
</OpTerm>
<BasicBoolTerm Intrnl_Id="232">
<LocList>
<Loc EndOffset="1224" SrcFileId="3" StartOffset="1218"/>
</LocList>
</BasicBoolTerm>
<LocList>
<Loc EndOffset="1217" SrcFileId="3" StartOffset="1215"/>
</LocList>
</OpTerm>
<BasicBoolTerm Intrnl_Id="233">
<LocList>
<Loc EndOffset="1234" SrcFileId="3" StartOffset="1228"/>
</LocList>
</BasicBoolTerm>
<LocList>
<Loc EndOffset="1227" SrcFileId="3" StartOffset="1225"/>
</LocList>
</OpTerm>
<LocList>
<Loc EndOffset="1196" SrcFileId="3" StartOffset="1194"/>
</LocList>
</OpTerm>
</RootTerm>
</CondStmnt>
<BasicStmnt CovItemId="S7" CovItemPrefix="stratego.logic.Board.java" Intrnl_Id="234">
<LocList>
<Loc EndOffset="1277" SrcFileId="3" StartOffset="1264"/>
</LocList>
</BasicStmnt>
</StmntSeq>
</HierarchyLvl>
<HierarchyLvl HierarchyLvlId="66" HierarchyLvlTypeId="8" Intrnl_Id="235" Name="isValidToPlacePiece">
<Header>
<Loc EndOffset="1440" SrcFileId="3" StartOffset="1380"/>
</Header>
<LocList>
<Loc EndOffset="1684" SrcFileId="3" StartOffset="1380"/>
</LocList>
<StmntSeq Intrnl_Id="236">
<LocList>
<Loc EndOffset="1680" SrcFileId="3" StartOffset="1446"/>
</LocList>
<CondStmnt CovItemId="S8" CovItemPrefix="stratego.logic.Board.java" Intrnl_Id="237">
<Branch CovItemId="B3" CovItemPrefix="stratego.logic.Board.java" Implct="false" Intrnl_Id="238">
<Cond/>
<LocList>
<Loc EndOffset="1489" SrcFileId="3" StartOffset="1465"/>
</LocList>
<StmntSeq Intrnl_Id="239">
<LocList>
<Loc EndOffset="1484" SrcFileId="3" StartOffset="1471"/>
</LocList>
<BasicStmnt CovItemId="S9" CovItemPrefix="stratego.logic.Board.java" Intrnl_Id="240">
<LocList>
<Loc EndOffset="1484" SrcFileId="3" StartOffset="1471"/>
</LocList>
</BasicStmnt>
</StmntSeq>
</Branch>
<Branch CovItemId="B4" CovItemPrefix="stratego.logic.Board.java" Implct="false" Intrnl_Id="241">
<Cond>
<Loc EndOffset="1494" SrcFileId="3" StartOffset="1490"/>
</Cond>
<LocList>
<Loc EndOffset="1680" SrcFileId="3" StartOffset="1495"/>
</LocList>
<StmntSeq Intrnl_Id="242">
<LocList>
<Loc EndOffset="1680" SrcFileId="3" StartOffset="1495"/>
</LocList>
<CondStmnt CovItemId="S10" CovItemPrefix="stratego.logic.Board.java" Intrnl_Id="243">
<Branch CovItemId="B5" CovItemPrefix="stratego.logic.Board.java" Implct="false" Intrnl_Id="244">
<Cond/>
<LocList>
<Loc EndOffset="1612" SrcFileId="3" StartOffset="1517"/>
</LocList>
<StmntSeq Intrnl_Id="245">
<LocList>
<Loc EndOffset="1607" SrcFileId="3" StartOffset="1523"/>
</LocList>
<BasicStmnt CovItemId="S11" CovItemPrefix="stratego.logic.Board.java" Intrnl_Id="246">
<LocList>
<Loc EndOffset="1607" SrcFileId="3" StartOffset="1523"/>
</LocList>
</BasicStmnt>
</StmntSeq>
</Branch>
<Branch CovItemId="B6" CovItemPrefix="stratego.logic.Board.java" Implct="false" Intrnl_Id="247">
<Cond>
<Loc EndOffset="1617" SrcFileId="3" StartOffset="1613"/>
</Cond>
<LocList>
<Loc EndOffset="1680" SrcFileId="3" StartOffset="1618"/>
</LocList>
<StmntSeq Intrnl_Id="248">
<LocList>
<Loc EndOffset="1675" SrcFileId="3" StartOffset="1624"/>
</LocList>
<BasicStmnt CovItemId="S12" CovItemPrefix="stratego.logic.Board.java" Intrnl_Id="249">
<LocList>
<Loc EndOffset="1675" SrcFileId="3" StartOffset="1624"/>
</LocList>
</BasicStmnt>
</StmntSeq>
</Branch>
<Keyword EndOffset="1497" SrcFileId="3" StartOffset="1495"/>
<LocList>
<Loc EndOffset="1680" SrcFileId="3" StartOffset="1495"/>
</LocList>
<RootTerm CovItemId="C3" CovItemPrefix="stratego.logic.Board.java" Intrnl_Id="250">
<BasicBoolTerm Intrnl_Id="251">
<LocList>
<Loc EndOffset="1515" SrcFileId="3" StartOffset="1499"/>
</LocList>
</BasicBoolTerm>
</RootTerm>
</CondStmnt>
</StmntSeq>
</Branch>
<Keyword EndOffset="1448" SrcFileId="3" StartOffset="1446"/>
<LocList>
<Loc EndOffset="1680" SrcFileId="3" StartOffset="1446"/>
</LocList>
<RootTerm CovItemId="C2" CovItemPrefix="stratego.logic.Board.java" Intrnl_Id="252">
<BasicBoolTerm Intrnl_Id="253">
<LocList>
<Loc EndOffset="1463" SrcFileId="3" StartOffset="1450"/>
</LocList>
</BasicBoolTerm>
</RootTerm>
</CondStmnt>
</StmntSeq>
</HierarchyLvl>
<HierarchyLvl HierarchyLvlId="67" HierarchyLvlTypeId="8" Intrnl_Id="254" Name="getPiece">
<Header>
<Loc EndOffset="1982" SrcFileId="3" StartOffset="1947"/>
</Header>
<LocList>
<Loc EndOffset="2100" SrcFileId="3" StartOffset="1947"/>
</LocList>
<StmntSeq Intrnl_Id="255">
<LocList>
<Loc EndOffset="2096" SrcFileId="3" StartOffset="1988"/>
</LocList>
<CondStmnt CovItemId="S13" CovItemPrefix="stratego.logic.Board.java" Intrnl_Id="256">
<Branch CovItemId="B7" CovItemPrefix="stratego.logic.Board.java" Implct="false" Intrnl_Id="257">
<Cond/>
<LocList>
<Loc EndOffset="2050" SrcFileId="3" StartOffset="2019"/>
</LocList>
<StmntSeq Intrnl_Id="258">
<LocList>
<Loc EndOffset="2045" SrcFileId="3" StartOffset="2025"/>
</LocList>
<BasicStmnt CovItemId="S14" CovItemPrefix="stratego.logic.Board.java" Intrnl_Id="259">
<LocList>
<Loc EndOffset="2045" SrcFileId="3" StartOffset="2025"/>
</LocList>
</BasicStmnt>
</StmntSeq>
</Branch>
<Branch CovItemId="B8" CovItemPrefix="stratego.logic.Board.java" Implct="false" Intrnl_Id="260">
<Cond>
<Loc EndOffset="2055" SrcFileId="3" StartOffset="2051"/>
</Cond>
<LocList>
<Loc EndOffset="2096" SrcFileId="3" StartOffset="2056"/>
</LocList>
<StmntSeq Intrnl_Id="261">
<LocList>
<Loc EndOffset="2091" SrcFileId="3" StartOffset="2062"/>
</LocList>
<BasicStmnt CovItemId="S15" CovItemPrefix="stratego.logic.Board.java" Intrnl_Id="262">
<LocList>
<Loc EndOffset="2091" SrcFileId="3" StartOffset="2062"/>
</LocList>
</BasicStmnt>
</StmntSeq>
</Branch>
<Keyword EndOffset="1990" SrcFileId="3" StartOffset="1988"/>
<LocList>
<Loc EndOffset="2096" SrcFileId="3" StartOffset="1988"/>
</LocList>
<RootTerm CovItemId="C4" CovItemPrefix="stratego.logic.Board.java" Intrnl_Id="263">
<BasicBoolTerm Intrnl_Id="264">
<LocList>
<Loc EndOffset="2017" SrcFileId="3" StartOffset="1992"/>
</LocList>
</BasicBoolTerm>
</RootTerm>
</CondStmnt>
</StmntSeq>
</HierarchyLvl>
<HierarchyLvl HierarchyLvlId="68" HierarchyLvlTypeId="8" Intrnl_Id="265" Name="pieceCount">
<Header>
<Loc EndOffset="2193" SrcFileId="3" StartOffset="2170"/>
</Header>
<LocList>
<Loc EndOffset="2409" SrcFileId="3" StartOffset="2170"/>
</LocList>
<StmntSeq Intrnl_Id="266">
<LocList>
<Loc EndOffset="2213" SrcFileId="3" StartOffset="2199"/>
<Loc EndOffset="2388" SrcFileId="3" StartOffset="2217"/>
<Loc EndOffset="2405" SrcFileId="3" StartOffset="2392"/>
</LocList>
<BasicStmnt CovItemId="S16" CovItemPrefix="stratego.logic.Board.java" Intrnl_Id="267">
<LocList>
<Loc EndOffset="2213" SrcFileId="3" StartOffset="2199"/>
</LocList>
</BasicStmnt>
<LoopStmnt CovItemId="S17" CovItemPrefix="stratego.logic.Board.java" Intrnl_Id="268" MltplExecId="L1-2" MltplExecPrefix="stratego.logic.Board.java" NvrExecId="L1-0" NvrExecPrefix="stratego.logic.Board.java" OnceExecutedId="L1-1" OnceExecutedPrefix="stratego.logic.Board.java" OptBodyExec="true">
<StmntSeq Intrnl_Id="269">
<LocList>
<Loc EndOffset="2383" SrcFileId="3" StartOffset="2268"/>
</LocList>
<LoopStmnt CovItemId="S18" CovItemPrefix="stratego.logic.Board.java" Intrnl_Id="270" MltplExecId="L2-2" MltplExecPrefix="stratego.logic.Board.java" NvrExecId="L2-0" NvrExecPrefix="stratego.logic.Board.java" OnceExecutedId="L2-1" OnceExecutedPrefix="stratego.logic.Board.java" OptBodyExec="true">
<StmntSeq Intrnl_Id="271">
<LocList>
<Loc EndOffset="2377" SrcFileId="3" StartOffset="2323"/>
</LocList>
<CondStmnt CovItemId="S19" CovItemPrefix="stratego.logic.Board.java" Intrnl_Id="272">
<Branch CovItemId="B9" CovItemPrefix="stratego.logic.Board.java" Implct="false" Intrnl_Id="273">
<Cond/>
<LocList>
<Loc EndOffset="2377" SrcFileId="3" StartOffset="2354"/>
</LocList>
<StmntSeq Intrnl_Id="274">
<LocList>
<Loc EndOffset="2370" SrcFileId="3" StartOffset="2362"/>
</LocList>
<BasicStmnt CovItemId="S20" CovItemPrefix="stratego.logic.Board.java" Intrnl_Id="275">
<LocList>
<Loc EndOffset="2370" SrcFileId="3" StartOffset="2362"/>
</LocList>
</BasicStmnt>
</StmntSeq>
</Branch>
<Branch CovItemId="B10" CovItemPrefix="stratego.logic.Board.java" Implct="true" Intrnl_Id="276">
<Cond/>
<LocList/>
<StmntSeq Intrnl_Id="277">
<LocList/>
</StmntSeq>
</Branch>
<Keyword EndOffset="2325" SrcFileId="3" StartOffset="2323"/>
<LocList>
<Loc EndOffset="2377" SrcFileId="3" StartOffset="2323"/>
</LocList>
<RootTerm CovItemId="C7" CovItemPrefix="stratego.logic.Board.java" Intrnl_Id="278">
<BasicBoolTerm Intrnl_Id="279">
<LocList>
<Loc EndOffset="2352" SrcFileId="3" StartOffset="2327"/>
</LocList>
</BasicBoolTerm>
</RootTerm>
</CondStmnt>
</StmntSeq>
<Keyword EndOffset="2271" SrcFileId="3" StartOffset="2268"/>
<LocList>
<Loc EndOffset="2383" SrcFileId="3" StartOffset="2268"/>
</LocList>
<RootTerm CovItemId="C6" CovItemPrefix="stratego.logic.Board.java" Intrnl_Id="280">
<BasicBoolTerm Intrnl_Id="281">
<LocList>
<Loc EndOffset="2309" SrcFileId="3" StartOffset="2284"/>
</LocList>
</BasicBoolTerm>
</RootTerm>
</LoopStmnt>
</StmntSeq>
<Keyword EndOffset="2220" SrcFileId="3" StartOffset="2217"/>
<LocList>
<Loc EndOffset="2388" SrcFileId="3" StartOffset="2217"/>
</LocList>
<RootTerm CovItemId="C5" CovItemPrefix="stratego.logic.Board.java" Intrnl_Id="282">
<BasicBoolTerm Intrnl_Id="283">
<LocList>
<Loc EndOffset="2255" SrcFileId="3" StartOffset="2233"/>
</LocList>
</BasicBoolTerm>
</RootTerm>
</LoopStmnt>
<BasicStmnt CovItemId="S21" CovItemPrefix="stratego.logic.Board.java" Intrnl_Id="284">
<LocList>
<Loc EndOffset="2405" SrcFileId="3" StartOffset="2392"/>
</LocList>
</BasicStmnt>
</StmntSeq>
</HierarchyLvl>
<HierarchyLvl HierarchyLvlId="69" HierarchyLvlTypeId="8" Intrnl_Id="285" Name="isOccupied">
<Header>
<Loc EndOffset="2700" SrcFileId="3" StartOffset="2661"/>
</Header>
<LocList>
<Loc EndOffset="2868" SrcFileId="3" StartOffset="2661"/>
</LocList>
<StmntSeq Intrnl_Id="286">
<LocList>
<Loc EndOffset="2824" SrcFileId="3" StartOffset="2706"/>
<Loc EndOffset="2864" SrcFileId="3" StartOffset="2828"/>
</LocList>
<CondStmnt CovItemId="S22" CovItemPrefix="stratego.logic.Board.java" Intrnl_Id="287">
<Branch CovItemId="B11" CovItemPrefix="stratego.logic.Board.java" Implct="false" Intrnl_Id="288">
<Cond/>
<LocList>
<Loc EndOffset="2824" SrcFileId="3" StartOffset="2781"/>
</LocList>
<StmntSeq Intrnl_Id="289">
<LocList>
<Loc EndOffset="2819" SrcFileId="3" StartOffset="2787"/>
</LocList>
<BasicStmnt CovItemId="S23" CovItemPrefix="stratego.logic.Board.java" Intrnl_Id="290">
<LocList>
<Loc EndOffset="2819" SrcFileId="3" StartOffset="2787"/>
</LocList>
</BasicStmnt>
</StmntSeq>
</Branch>
<Branch CovItemId="B12" CovItemPrefix="stratego.logic.Board.java" Implct="true" Intrnl_Id="291">
<Cond/>
<LocList/>
<StmntSeq Intrnl_Id="292">
<LocList/>
</StmntSeq>
</Branch>
<Keyword EndOffset="2708" SrcFileId="3" StartOffset="2706"/>
<LocList>
<Loc EndOffset="2824" SrcFileId="3" StartOffset="2706"/>
</LocList>
<RootTerm CovItemId="C8" CovItemPrefix="stratego.logic.Board.java" Intrnl_Id="293">
<OpTerm BooleanOpId="5" Intrnl_Id="294">
<OpTerm BooleanOpId="5" Intrnl_Id="295">
<OpTerm BooleanOpId="5" Intrnl_Id="296">
<BasicBoolTerm Intrnl_Id="297">
<LocList>
<Loc EndOffset="2715" SrcFileId="3" StartOffset="2710"/>
</LocList>
</BasicBoolTerm>
<BasicBoolTerm Intrnl_Id="298">
<LocList>
<Loc EndOffset="2724" SrcFileId="3" StartOffset="2719"/>
</LocList>
</BasicBoolTerm>
<LocList>
<Loc EndOffset="2718" SrcFileId="3" StartOffset="2716"/>
</LocList>
</OpTerm>
<BasicBoolTerm Intrnl_Id="299">
<LocList>
<Loc EndOffset="2750" SrcFileId="3" StartOffset="2728"/>
</LocList>
</BasicBoolTerm>
<LocList>
<Loc EndOffset="2727" SrcFileId="3" StartOffset="2725"/>
</LocList>
</OpTerm>
<BasicBoolTerm Intrnl_Id="300">
<LocList>
<Loc EndOffset="2779" SrcFileId="3" StartOffset="2754"/>
</LocList>
</BasicBoolTerm>
<LocList>
<Loc EndOffset="2753" SrcFileId="3" StartOffset="2751"/>
</LocList>
</OpTerm>
</RootTerm>
</CondStmnt>
<BasicStmnt CovItemId="S24" CovItemPrefix="stratego.logic.Board.java" Intrnl_Id="301">
<LocList>
<Loc EndOffset="2864" SrcFileId="3" StartOffset="2828"/>
</LocList>
</BasicStmnt>
</StmntSeq>
</HierarchyLvl>
<HierarchyLvl HierarchyLvlId="70" HierarchyLvlTypeId="8" Intrnl_Id="302" Name="placePiece">
<Header>
<Loc EndOffset="3176" SrcFileId="3" StartOffset="3131"/>
</Header>
<LocList>
<Loc EndOffset="3516" SrcFileId="3" StartOffset="3131"/>
</LocList>
<StmntSeq Intrnl_Id="303">
<LocList>
<Loc EndOffset="3486" SrcFileId="3" StartOffset="3182"/>
<Loc EndOffset="3512" SrcFileId="3" StartOffset="3490"/>
</LocList>
<CondStmnt CovItemId="S25" CovItemPrefix="stratego.logic.Board.java" Intrnl_Id="304">
<Branch CovItemId="B13" CovItemPrefix="stratego.logic.Board.java" Implct="false" Intrnl_Id="305">
<Cond/>
<LocList>
<Loc EndOffset="3347" SrcFileId="3" StartOffset="3247"/>
</LocList>
<StmntSeq Intrnl_Id="306">
<LocList>
<Loc EndOffset="3342" SrcFileId="3" StartOffset="3253"/>
</LocList>
<BasicStmnt CovItemId="S26" CovItemPrefix="stratego.logic.Board.java" Intrnl_Id="307">
<LocList>
<Loc EndOffset="3342" SrcFileId="3" StartOffset="3253"/>
</LocList>
</BasicStmnt>
</StmntSeq>
</Branch>
<Branch CovItemId="B14" CovItemPrefix="stratego.logic.Board.java" Implct="false" Intrnl_Id="308">
<Cond>
<Loc EndOffset="3352" SrcFileId="3" StartOffset="3348"/>
</Cond>
<LocList>
<Loc EndOffset="3486" SrcFileId="3" StartOffset="3353"/>
</LocList>
<StmntSeq Intrnl_Id="309">
<LocList>
<Loc EndOffset="3486" SrcFileId="3" StartOffset="3353"/>
</LocList>
<CondStmnt CovItemId="S27" CovItemPrefix="stratego.logic.Board.java" Intrnl_Id="310">
<Branch CovItemId="B15" CovItemPrefix="stratego.logic.Board.java" Implct="false" Intrnl_Id="311">
<Cond/>
<LocList>
<Loc EndOffset="3486" SrcFileId="3" StartOffset="3375"/>
</LocList>
<StmntSeq Intrnl_Id="312">
<LocList>
<Loc EndOffset="3481" SrcFileId="3" StartOffset="3381"/>
</LocList>
<BasicStmnt CovItemId="S28" CovItemPrefix="stratego.logic.Board.java" Intrnl_Id="313">
<LocList>
<Loc EndOffset="3481" SrcFileId="3" StartOffset="3381"/>
</LocList>
</BasicStmnt>
</StmntSeq>
</Branch>
<Branch CovItemId="B16" CovItemPrefix="stratego.logic.Board.java" Implct="true" Intrnl_Id="314">
<Cond/>
<LocList/>
<StmntSeq Intrnl_Id="315">
<LocList/>
</StmntSeq>
</Branch>
<Keyword EndOffset="3355" SrcFileId="3" StartOffset="3353"/>
<LocList>
<Loc EndOffset="3486" SrcFileId="3" StartOffset="3353"/>
</LocList>
<RootTerm CovItemId="C10" CovItemPrefix="stratego.logic.Board.java" Intrnl_Id="316">
<BasicBoolTerm Intrnl_Id="317">
<LocList>
<Loc EndOffset="3373" SrcFileId="3" StartOffset="3357"/>
</LocList>
</BasicBoolTerm>
</RootTerm>
</CondStmnt>
</StmntSeq>
</Branch>
<Keyword EndOffset="3184" SrcFileId="3" StartOffset="3182"/>
<LocList>
<Loc EndOffset="3486" SrcFileId="3" StartOffset="3182"/>
</LocList>
<RootTerm CovItemId="C9" CovItemPrefix="stratego.logic.Board.java" Intrnl_Id="318">
<OpTerm BooleanOpId="5" Intrnl_Id="319">
<OpTerm BooleanOpId="5" Intrnl_Id="320">
<OpTerm BooleanOpId="5" Intrnl_Id="321">
<BasicBoolTerm Intrnl_Id="322">
<LocList>
<Loc EndOffset="3191" SrcFileId="3" StartOffset="3186"/>
</LocList>
</BasicBoolTerm>
<BasicBoolTerm Intrnl_Id="323">
<LocList>
<Loc EndOffset="3200" SrcFileId="3" StartOffset="3195"/>
</LocList>
</BasicBoolTerm>
<LocList>
<Loc EndOffset="3194" SrcFileId="3" StartOffset="3192"/>
</LocList>
</OpTerm>
<BasicBoolTerm Intrnl_Id="324">
<LocList>
<Loc EndOffset="3221" SrcFileId="3" StartOffset="3204"/>
</LocList>
</BasicBoolTerm>
<LocList>
<Loc EndOffset="3203" SrcFileId="3" StartOffset="3201"/>
</LocList>
</OpTerm>
<BasicBoolTerm Intrnl_Id="325">
<LocList>
<Loc EndOffset="3245" SrcFileId="3" StartOffset="3225"/>
</LocList>
</BasicBoolTerm>
<LocList>
<Loc EndOffset="3224" SrcFileId="3" StartOffset="3222"/>
</LocList>
</OpTerm>
</RootTerm>
</CondStmnt>
<BasicStmnt CovItemId="S29" CovItemPrefix="stratego.logic.Board.java" Intrnl_Id="326">
<LocList>
<Loc EndOffset="3512" SrcFileId="3" StartOffset="3490"/>
</LocList>
</BasicStmnt>
</StmntSeq>
</HierarchyLvl>
<HierarchyLvl HierarchyLvlId="71" HierarchyLvlTypeId="8" Intrnl_Id="327" Name="isValidMoveDirection">
<Header>
<Loc EndOffset="4048" SrcFileId="3" StartOffset="3981"/>
</Header>
<LocList>
<Loc EndOffset="4273" SrcFileId="3" StartOffset="3981"/>
</LocList>
<StmntSeq Intrnl_Id="328">
<LocList>
<Loc EndOffset="4088" SrcFileId="3" StartOffset="4054"/>
<Loc EndOffset="4253" SrcFileId="3" StartOffset="4092"/>
<Loc EndOffset="4269" SrcFileId="3" StartOffset="4257"/>
</LocList>
<BasicStmnt CovItemId="S30" CovItemPrefix="stratego.logic.Board.java" Intrnl_Id="329">
<LocList>
<Loc EndOffset="4088" SrcFileId="3" StartOffset="4054"/>
</LocList>
</BasicStmnt>
<CondStmnt CovItemId="S31" CovItemPrefix="stratego.logic.Board.java" Intrnl_Id="330">
<Branch CovItemId="B17" CovItemPrefix="stratego.logic.Board.java" Implct="false" Intrnl_Id="331">
<Cond/>
<LocList>
<Loc EndOffset="4142" SrcFileId="3" StartOffset="4118"/>
</LocList>
<StmntSeq Intrnl_Id="332">
<LocList>
<Loc EndOffset="4137" SrcFileId="3" StartOffset="4124"/>
</LocList>
<BasicStmnt CovItemId="S32" CovItemPrefix="stratego.logic.Board.java" Intrnl_Id="333">
<LocList>
<Loc EndOffset="4137" SrcFileId="3" StartOffset="4124"/>
</LocList>
</BasicStmnt>
</StmntSeq>
</Branch>
<Branch CovItemId="B18" CovItemPrefix="stratego.logic.Board.java" Implct="false" Intrnl_Id="334">
<Cond>
<Loc EndOffset="4147" SrcFileId="3" StartOffset="4143"/>
</Cond>
<LocList>
<Loc EndOffset="4253" SrcFileId="3" StartOffset="4148"/>
</LocList>
<StmntSeq Intrnl_Id="335">
<LocList>
<Loc EndOffset="4253" SrcFileId="3" StartOffset="4148"/>
</LocList>
<CondStmnt CovItemId="S33" CovItemPrefix="stratego.logic.Board.java" Intrnl_Id="336">
<Branch CovItemId="B19" CovItemPrefix="stratego.logic.Board.java" Implct="false" Intrnl_Id="337">
<Cond/>
<LocList>
<Loc EndOffset="4253" SrcFileId="3" StartOffset="4229"/>
</LocList>
<StmntSeq Intrnl_Id="338">
<LocList>
<Loc EndOffset="4248" SrcFileId="3" StartOffset="4235"/>
</LocList>
<BasicStmnt CovItemId="S34" CovItemPrefix="stratego.logic.Board.java" Intrnl_Id="339">
<LocList>
<Loc EndOffset="4248" SrcFileId="3" StartOffset="4235"/>
</LocList>
</BasicStmnt>
</StmntSeq>
</Branch>
<Branch CovItemId="B20" CovItemPrefix="stratego.logic.Board.java" Implct="true" Intrnl_Id="340">
<Cond/>
<LocList/>
<StmntSeq Intrnl_Id="341">
<LocList/>
</StmntSeq>
</Branch>
<Keyword EndOffset="4150" SrcFileId="3" StartOffset="4148"/>
<LocList>
<Loc EndOffset="4253" SrcFileId="3" StartOffset="4148"/>
</LocList>
<RootTerm CovItemId="C12" CovItemPrefix="stratego.logic.Board.java" Intrnl_Id="342">
<OpTerm BooleanOpId="4" Intrnl_Id="343">
<BasicBoolTerm Intrnl_Id="344">
<LocList>
<Loc EndOffset="4173" SrcFileId="3" StartOffset="4152"/>
</LocList>
</BasicBoolTerm>
<BasicBoolTerm Intrnl_Id="345">
<LocList>
<Loc EndOffset="4227" SrcFileId="3" StartOffset="4177"/>
</LocList>
</BasicBoolTerm>
<LocList>
<Loc EndOffset="4176" SrcFileId="3" StartOffset="4174"/>
</LocList>
</OpTerm>
</RootTerm>
</CondStmnt>
</StmntSeq>
</Branch>
<Keyword EndOffset="4094" SrcFileId="3" StartOffset="4092"/>
<LocList>
<Loc EndOffset="4253" SrcFileId="3" StartOffset="4092"/>
</LocList>
<RootTerm CovItemId="C11" CovItemPrefix="stratego.logic.Board.java" Intrnl_Id="346">
<OpTerm BooleanOpId="4" Intrnl_Id="347">
<BasicBoolTerm Intrnl_Id="348">
<LocList>
<Loc EndOffset="4104" SrcFileId="3" StartOffset="4096"/>
</LocList>
</BasicBoolTerm>
<BasicBoolTerm Intrnl_Id="349">
<LocList>
<Loc EndOffset="4116" SrcFileId="3" StartOffset="4108"/>
</LocList>
</BasicBoolTerm>
<LocList>
<Loc EndOffset="4107" SrcFileId="3" StartOffset="4105"/>
</LocList>
</OpTerm>
</RootTerm>
</CondStmnt>
<BasicStmnt CovItemId="S35" CovItemPrefix="stratego.logic.Board.java" Intrnl_Id="350">
<LocList>
<Loc EndOffset="4269" SrcFileId="3" StartOffset="4257"/>
</LocList>
</BasicStmnt>
</StmntSeq>
</HierarchyLvl>
<HierarchyLvl HierarchyLvlId="72" HierarchyLvlTypeId="8" Intrnl_Id="351" Name="movePiece">
<Header>
<Loc EndOffset="4662" SrcFileId="3" StartOffset="4609"/>
</Header>
<LocList>
<Loc EndOffset="5281" SrcFileId="3" StartOffset="4609"/>
</LocList>
<StmntSeq Intrnl_Id="352">
<LocList>
<Loc EndOffset="5198" SrcFileId="3" StartOffset="4669"/>
<Loc EndOffset="5246" SrcFileId="3" StartOffset="5204"/>
<Loc EndOffset="5277" SrcFileId="3" StartOffset="5250"/>
</LocList>
<CondStmnt CovItemId="S36" CovItemPrefix="stratego.logic.Board.java" Intrnl_Id="353">
<Branch CovItemId="B21" CovItemPrefix="stratego.logic.Board.java" Implct="false" Intrnl_Id="354">
<Cond/>
<LocList>
<Loc EndOffset="4771" SrcFileId="3" StartOffset="4702"/>
</LocList>
<StmntSeq Intrnl_Id="355">
<LocList>
<Loc EndOffset="4766" SrcFileId="3" StartOffset="4708"/>
</LocList>
<BasicStmnt CovItemId="S37" CovItemPrefix="stratego.logic.Board.java" Intrnl_Id="356">
<LocList>
<Loc EndOffset="4766" SrcFileId="3" StartOffset="4708"/>
</LocList>
</BasicStmnt>
</StmntSeq>
</Branch>
<Branch CovItemId="B22" CovItemPrefix="stratego.logic.Board.java" Implct="false" Intrnl_Id="357">
<Cond>
<Loc EndOffset="4776" SrcFileId="3" StartOffset="4772"/>
</Cond>
<LocList>
<Loc EndOffset="5198" SrcFileId="3" StartOffset="4777"/>
</LocList>
<StmntSeq Intrnl_Id="358">
<LocList>
<Loc EndOffset="5198" SrcFileId="3" StartOffset="4777"/>
</LocList>
<CondStmnt CovItemId="S38" CovItemPrefix="stratego.logic.Board.java" Intrnl_Id="359">
<Branch CovItemId="B23" CovItemPrefix="stratego.logic.Board.java" Implct="false" Intrnl_Id="360">
<Cond/>
<LocList>
<Loc EndOffset="4899" SrcFileId="3" StartOffset="4810"/>
</LocList>
<StmntSeq Intrnl_Id="361">
<LocList>
<Loc EndOffset="4894" SrcFileId="3" StartOffset="4816"/>
</LocList>
<BasicStmnt CovItemId="S39" CovItemPrefix="stratego.logic.Board.java" Intrnl_Id="362">
<LocList>
<Loc EndOffset="4894" SrcFileId="3" StartOffset="4816"/>
</LocList>
</BasicStmnt>
</StmntSeq>
</Branch>
<Branch CovItemId="B24" CovItemPrefix="stratego.logic.Board.java" Implct="false" Intrnl_Id="363">
<Cond>
<Loc EndOffset="4904" SrcFileId="3" StartOffset="4900"/>
</Cond>
<LocList>
<Loc EndOffset="5198" SrcFileId="3" StartOffset="4905"/>
</LocList>
<StmntSeq Intrnl_Id="364">
<LocList>
<Loc EndOffset="5198" SrcFileId="3" StartOffset="4905"/>
</LocList>
<CondStmnt CovItemId="S40" CovItemPrefix="stratego.logic.Board.java" Intrnl_Id="365">
<Branch CovItemId="B25" CovItemPrefix="stratego.logic.Board.java" Implct="false" Intrnl_Id="366">
<Cond/>
<LocList>
<Loc EndOffset="5037" SrcFileId="3" StartOffset="4948"/>
</LocList>
<StmntSeq Intrnl_Id="367">
<LocList>
<Loc EndOffset="5032" SrcFileId="3" StartOffset="4954"/>
</LocList>
<BasicStmnt CovItemId="S41" CovItemPrefix="stratego.logic.Board.java" Intrnl_Id="368">
<LocList>
<Loc EndOffset="5032" SrcFileId="3" StartOffset="4954"/>
</LocList>
</BasicStmnt>
</StmntSeq>
</Branch>
<Branch CovItemId="B26" CovItemPrefix="stratego.logic.Board.java" Implct="false" Intrnl_Id="369">
<Cond>
<Loc EndOffset="5042" SrcFileId="3" StartOffset="5038"/>
</Cond>
<LocList>
<Loc EndOffset="5198" SrcFileId="3" StartOffset="5043"/>
</LocList>
<StmntSeq Intrnl_Id="370">
<LocList>
<Loc EndOffset="5198" SrcFileId="3" StartOffset="5043"/>
</LocList>
<CondStmnt CovItemId="S42" CovItemPrefix="stratego.logic.Board.java" Intrnl_Id="371">
<Branch CovItemId="B27" CovItemPrefix="stratego.logic.Board.java" Implct="false" Intrnl_Id="372">
<Cond/>
<LocList>
<Loc EndOffset="5198" SrcFileId="3" StartOffset="5109"/>
</LocList>
<StmntSeq Intrnl_Id="373">
<LocList>
<Loc EndOffset="5193" SrcFileId="3" StartOffset="5115"/>
</LocList>
<BasicStmnt CovItemId="S43" CovItemPrefix="stratego.logic.Board.java" Intrnl_Id="374">
<LocList>
<Loc EndOffset="5193" SrcFileId="3" StartOffset="5115"/>
</LocList>
</BasicStmnt>
</StmntSeq>
</Branch>
<Branch CovItemId="B28" CovItemPrefix="stratego.logic.Board.java" Implct="true" Intrnl_Id="375">
<Cond/>
<LocList/>
<StmntSeq Intrnl_Id="376">
<LocList/>
</StmntSeq>
</Branch>
<Keyword EndOffset="5045" SrcFileId="3" StartOffset="5043"/>
<LocList>
<Loc EndOffset="5198" SrcFileId="3" StartOffset="5043"/>
</LocList>
<RootTerm CovItemId="C16" CovItemPrefix="stratego.logic.Board.java" Intrnl_Id="377">
<OpTerm BooleanOpId="6" Intrnl_Id="378">
<BasicBoolTerm Intrnl_Id="379">
<LocList>
<Loc EndOffset="5108" SrcFileId="3" StartOffset="5048"/>
</LocList>
</BasicBoolTerm>
<LocList>
<Loc EndOffset="5048" SrcFileId="3" StartOffset="5047"/>
</LocList>
</OpTerm>
</RootTerm>
</CondStmnt>
</StmntSeq>
</Branch>
<Keyword EndOffset="4907" SrcFileId="3" StartOffset="4905"/>
<LocList>
<Loc EndOffset="5198" SrcFileId="3" StartOffset="4905"/>
</LocList>
<RootTerm CovItemId="C15" CovItemPrefix="stratego.logic.Board.java" Intrnl_Id="380">
<OpTerm BooleanOpId="6" Intrnl_Id="381">
<BasicBoolTerm Intrnl_Id="382">
<LocList>
<Loc EndOffset="4946" SrcFileId="3" StartOffset="4910"/>
</LocList>
</BasicBoolTerm>
<LocList>
<Loc EndOffset="4910" SrcFileId="3" StartOffset="4909"/>
</LocList>
</OpTerm>
</RootTerm>
</CondStmnt>
</StmntSeq>
</Branch>
<Keyword EndOffset="4779" SrcFileId="3" StartOffset="4777"/>
<LocList>
<Loc EndOffset="5198" SrcFileId="3" StartOffset="4777"/>
</LocList>
<RootTerm CovItemId="C14" CovItemPrefix="stratego.logic.Board.java" Intrnl_Id="383">
<BasicBoolTerm Intrnl_Id="384">
<LocList>
<Loc EndOffset="4808" SrcFileId="3" StartOffset="4781"/>
</LocList>
</BasicBoolTerm>
</RootTerm>
</CondStmnt>
</StmntSeq>
</Branch>
<Keyword EndOffset="4671" SrcFileId="3" StartOffset="4669"/>
<LocList>
<Loc EndOffset="5198" SrcFileId="3" StartOffset="4669"/>
</LocList>
<RootTerm CovItemId="C13" CovItemPrefix="stratego.logic.Board.java" Intrnl_Id="385">
<BasicBoolTerm Intrnl_Id="386">
<LocList>
<Loc EndOffset="4700" SrcFileId="3" StartOffset="4673"/>
</LocList>
</BasicBoolTerm>
</RootTerm>
</CondStmnt>
<BasicStmnt CovItemId="S44" CovItemPrefix="stratego.logic.Board.java" Intrnl_Id="387">
<LocList>
<Loc EndOffset="5246" SrcFileId="3" StartOffset="5204"/>
</LocList>
</BasicStmnt>
<BasicStmnt CovItemId="S45" CovItemPrefix="stratego.logic.Board.java" Intrnl_Id="388">
<LocList>
<Loc EndOffset="5277" SrcFileId="3" StartOffset="5250"/>
</LocList>
</BasicStmnt>
</StmntSeq>
</HierarchyLvl>
<HierarchyLvl HierarchyLvlId="73" HierarchyLvlTypeId="8" Intrnl_Id="389" Name="removePiece">
<Header>
<Loc EndOffset="5488" SrcFileId="3" StartOffset="5451"/>
</Header>
<LocList>
<Loc EndOffset="5664" SrcFileId="3" StartOffset="5451"/>
</LocList>
<StmntSeq Intrnl_Id="390">
<LocList>
<Loc EndOffset="5631" SrcFileId="3" StartOffset="5494"/>
<Loc EndOffset="5660" SrcFileId="3" StartOffset="5635"/>
</LocList>
<CondStmnt CovItemId="S46" CovItemPrefix="stratego.logic.Board.java" Intrnl_Id="391">
<Branch CovItemId="B29" CovItemPrefix="stratego.logic.Board.java" Implct="false" Intrnl_Id="392">
<Cond/>
<LocList>
<Loc EndOffset="5631" SrcFileId="3" StartOffset="5525"/>
</LocList>
<StmntSeq Intrnl_Id="393">
<LocList>
<Loc EndOffset="5626" SrcFileId="3" StartOffset="5531"/>
</LocList>
<BasicStmnt CovItemId="S47" CovItemPrefix="stratego.logic.Board.java" Intrnl_Id="394">
<LocList>
<Loc EndOffset="5626" SrcFileId="3" StartOffset="5531"/>
</LocList>
</BasicStmnt>
</StmntSeq>
</Branch>
<Branch CovItemId="B30" CovItemPrefix="stratego.logic.Board.java" Implct="true" Intrnl_Id="395">
<Cond/>
<LocList/>
<StmntSeq Intrnl_Id="396">
<LocList/>
</StmntSeq>
</Branch>
<Keyword EndOffset="5496" SrcFileId="3" StartOffset="5494"/>
<LocList>
<Loc EndOffset="5631" SrcFileId="3" StartOffset="5494"/>
</LocList>
<RootTerm CovItemId="C17" CovItemPrefix="stratego.logic.Board.java" Intrnl_Id="397">
<BasicBoolTerm Intrnl_Id="398">
<LocList>
<Loc EndOffset="5523" SrcFileId="3" StartOffset="5498"/>
</LocList>
</BasicBoolTerm>
</RootTerm>
</CondStmnt>
<BasicStmnt CovItemId="S48" CovItemPrefix="stratego.logic.Board.java" Intrnl_Id="399">
<LocList>
<Loc EndOffset="5660" SrcFileId="3" StartOffset="5635"/>
</LocList>
</BasicStmnt>
</StmntSeq>
</HierarchyLvl>
</HierarchyLvl>
</HierarchyLvl>
</HierarchyLvl>
</HierarchyLvl>
</MASTRoot>
</TestSessionContainer>
